{"total": {"lines":{"total":867,"covered":848,"skipped":0,"pct":97.8},"statements":{"total":902,"covered":875,"skipped":0,"pct":97},"functions":{"total":183,"covered":178,"skipped":0,"pct":97.26},"branches":{"total":605,"covered":549,"skipped":0,"pct":90.74},"branchesTrue":{"total":0,"covered":0,"skipped":0,"pct":100}}
,"/workspace/apps/web/src/components/Form.tsx": {"lines":{"total":12,"covered":12,"skipped":0,"pct":100},"functions":{"total":4,"covered":4,"skipped":0,"pct":100},"statements":{"total":12,"covered":12,"skipped":0,"pct":100},"branches":{"total":2,"covered":2,"skipped":0,"pct":100}}
,"/workspace/apps/web/src/components/baby/baby-nav.tsx": {"lines":{"total":23,"covered":23,"skipped":0,"pct":100},"functions":{"total":5,"covered":4,"skipped":0,"pct":80},"statements":{"total":27,"covered":25,"skipped":0,"pct":92.59},"branches":{"total":16,"covered":15,"skipped":0,"pct":93.75}}
,"/workspace/apps/web/src/components/baby/editors.tsx": {"lines":{"total":219,"covered":209,"skipped":0,"pct":95.43},"functions":{"total":41,"covered":39,"skipped":0,"pct":95.12},"statements":{"total":220,"covered":210,"skipped":0,"pct":95.45},"branches":{"total":141,"covered":125,"skipped":0,"pct":88.65}}
,"/workspace/apps/web/src/components/baby/encouragements.tsx": {"lines":{"total":99,"covered":96,"skipped":0,"pct":96.96},"functions":{"total":25,"covered":25,"skipped":0,"pct":100},"statements":{"total":103,"covered":98,"skipped":0,"pct":95.14},"branches":{"total":62,"covered":53,"skipped":0,"pct":85.48}}
,"/workspace/apps/web/src/components/baby/notification-subscribe.tsx": {"lines":{"total":63,"covered":62,"skipped":0,"pct":98.41},"functions":{"total":16,"covered":14,"skipped":0,"pct":87.5},"statements":{"total":67,"covered":63,"skipped":0,"pct":94.02},"branches":{"total":57,"covered":51,"skipped":0,"pct":89.47}}
,"/workspace/apps/web/src/components/baby/progress-indicator.tsx": {"lines":{"total":10,"covered":10,"skipped":0,"pct":100},"functions":{"total":2,"covered":2,"skipped":0,"pct":100},"statements":{"total":10,"covered":10,"skipped":0,"pct":100},"branches":{"total":39,"covered":33,"skipped":0,"pct":84.61}}
,"/workspace/apps/web/src/components/baby/scheduled-notification-toast.tsx": {"lines":{"total":61,"covered":61,"skipped":0,"pct":100},"functions":{"total":21,"covered":21,"skipped":0,"pct":100},"statements":{"total":67,"covered":67,"skipped":0,"pct":100},"branches":{"total":28,"covered":26,"skipped":0,"pct":92.85}}
,"/workspace/apps/web/src/components/baby/settings-panel.tsx": {"lines":{"total":4,"covered":4,"skipped":0,"pct":100},"functions":{"total":3,"covered":3,"skipped":0,"pct":100},"statements":{"total":4,"covered":4,"skipped":0,"pct":100},"branches":{"total":32,"covered":31,"skipped":0,"pct":96.87}}
,"/workspace/apps/web/src/components/baby/status-display.tsx": {"lines":{"total":27,"covered":27,"skipped":0,"pct":100},"functions":{"total":5,"covered":5,"skipped":0,"pct":100},"statements":{"total":27,"covered":27,"skipped":0,"pct":100},"branches":{"total":37,"covered":34,"skipped":0,"pct":91.89}}
,"/workspace/apps/web/src/components/baby/utils.ts": {"lines":{"total":51,"covered":49,"skipped":0,"pct":96.07},"functions":{"total":15,"covered":15,"skipped":0,"pct":100},"statements":{"total":61,"covered":59,"skipped":0,"pct":96.72},"branches":{"total":24,"covered":22,"skipped":0,"pct":91.66}}
,"/workspace/packages/convex/convex/baby.ts": {"lines":{"total":165,"covered":162,"skipped":0,"pct":98.18},"functions":{"total":21,"covered":21,"skipped":0,"pct":100},"statements":{"total":170,"covered":166,"skipped":0,"pct":97.64},"branches":{"total":103,"covered":93,"skipped":0,"pct":90.29}}
,"/workspace/packages/convex/convex/babyThumbnails.ts": {"lines":{"total":11,"covered":11,"skipped":0,"pct":100},"functions":{"total":1,"covered":1,"skipped":0,"pct":100},"statements":{"total":11,"covered":11,"skipped":0,"pct":100},"branches":{"total":2,"covered":2,"skipped":0,"pct":100}}
,"/workspace/packages/convex/convex/encouragements.ts": {"lines":{"total":47,"covered":47,"skipped":0,"pct":100},"functions":{"total":6,"covered":6,"skipped":0,"pct":100},"statements":{"total":47,"covered":47,"skipped":0,"pct":100},"branches":{"total":31,"covered":31,"skipped":0,"pct":100}}
,"/workspace/packages/convex/convex/pushNotifications.ts": {"lines":{"total":33,"covered":33,"skipped":0,"pct":100},"functions":{"total":4,"covered":4,"skipped":0,"pct":100},"statements":{"total":34,"covered":34,"skipped":0,"pct":100},"branches":{"total":17,"covered":17,"skipped":0,"pct":100}}
,"/workspace/packages/convex/convex/pushSubscriptions.ts": {"lines":{"total":26,"covered":26,"skipped":0,"pct":100},"functions":{"total":9,"covered":9,"skipped":0,"pct":100},"statements":{"total":26,"covered":26,"skipped":0,"pct":100},"branches":{"total":6,"covered":6,"skipped":0,"pct":100}}
,"/workspace/packages/convex/convex/schema.ts": {"lines":{"total":0,"covered":0,"skipped":0,"pct":0},"functions":{"total":0,"covered":0,"skipped":0,"pct":0},"statements":{"total":0,"covered":0,"skipped":0,"pct":0},"branches":{"total":0,"covered":0,"skipped":0,"pct":0}}
,"/workspace/packages/convex/src/env.ts": {"lines":{"total":3,"covered":3,"skipped":0,"pct":100},"functions":{"total":1,"covered":1,"skipped":0,"pct":100},"statements":{"total":3,"covered":3,"skipped":0,"pct":100},"branches":{"total":0,"covered":0,"skipped":0,"pct":100}}
,"/workspace/packages/convex/src/types.ts": {"lines":{"total":9,"covered":9,"skipped":0,"pct":100},"functions":{"total":2,"covered":2,"skipped":0,"pct":100},"statements":{"total":9,"covered":9,"skipped":0,"pct":100},"branches":{"total":6,"covered":6,"skipped":0,"pct":100}}
,"/workspace/packages/convex/src/utils.ts": {"lines":{"total":4,"covered":4,"skipped":0,"pct":100},"functions":{"total":2,"covered":2,"skipped":0,"pct":100},"statements":{"total":4,"covered":4,"skipped":0,"pct":100},"branches":{"total":2,"covered":2,"skipped":0,"pct":100}}
}
