{"/workspace/apps/web/src/components/Form.tsx": {"path":"/workspace/apps/web/src/components/Form.tsx","statementMap":{"0":{"start":{"line":1,"column":0},"end":{"line":1,"column":null}},"1":{"start":{"line":21,"column":15},"end":{"line":26,"column":null}},"2":{"start":{"line":28,"column":2},"end":{"line":28,"column":null}},"3":{"start":{"line":30,"column":2},"end":{"line":30,"column":null}},"4":{"start":{"line":33,"column":13},"end":{"line":58,"column":null}},"5":{"start":{"line":38,"column":26},"end":{"line":38,"column":null}},"6":{"start":{"line":39,"column":2},"end":{"line":56,"column":null}},"7":{"start":{"line":44,"column":10},"end":{"line":51,"column":null}},"8":{"start":{"line":45,"column":12},"end":{"line":50,"column":null}},"9":{"start":{"line":46,"column":14},"end":{"line":46,"column":null}},"10":{"start":{"line":48,"column":14},"end":{"line":48,"column":null}},"11":{"start":{"line":49,"column":14},"end":{"line":49,"column":null}}},"fnMap":{"0":{"name":"useZodForm","decl":{"start":{"line":16,"column":16},"end":{"line":16,"column":null}},"loc":{"start":{"line":20,"column":22},"end":{"line":31,"column":null}},"line":20},"1":{"name":"(anonymous_1)","decl":{"start":{"line":33,"column":13},"end":{"line":33,"column":49}},"loc":{"start":{"line":37,"column":6},"end":{"line":58,"column":null}},"line":37},"2":{"name":"(anonymous_2)","decl":{"start":{"line":43,"column":8},"end":{"line":43,"column":19}},"loc":{"start":{"line":43,"column":29},"end":{"line":52,"column":null}},"line":43},"3":{"name":"(anonymous_3)","decl":{"start":{"line":44,"column":35},"end":{"line":44,"column":42}},"loc":{"start":{"line":44,"column":53},"end":{"line":51,"column":11}},"line":44}},"branchMap":{"0":{"loc":{"start":{"line":49,"column":26},"end":{"line":49,"column":90}},"type":"cond-expr","locations":[{"start":{"line":49,"column":51},"end":{"line":49,"column":67}},{"start":{"line":49,"column":67},"end":{"line":49,"column":90}}],"line":49}},"s":{"0":1,"1":16,"2":16,"3":16,"4":1,"5":16,"6":16,"7":4,"8":3,"9":3,"10":2,"11":2},"f":{"0":16,"1":16,"2":4,"3":3},"b":{"0":[1,1]},"meta":{"lastBranch":1,"lastFunction":4,"lastStatement":12,"seen":{"s:1:0:1:Infinity":0,"f:16:16:16:Infinity":0,"s:21:15:26:Infinity":1,"s:28:2:28:Infinity":2,"s:30:2:30:Infinity":3,"s:33:13:58:Infinity":4,"f:33:13:33:49":1,"s:38:26:38:Infinity":5,"s:39:2:56:Infinity":6,"f:43:8:43:19":2,"s:44:10:51:Infinity":7,"f:44:35:44:42":3,"s:45:12:50:Infinity":8,"s:46:14:46:Infinity":9,"s:48:14:48:Infinity":10,"s:49:14:49:Infinity":11,"b:49:51:49:67:49:67:49:90":0},"fnNames":{}}}
,"/workspace/apps/web/src/components/baby/baby-nav.tsx": {"path":"/workspace/apps/web/src/components/baby/baby-nav.tsx","statementMap":{"0":{"start":{"line":17,"column":30},"end":{"line":17,"column":null}},"1":{"start":{"line":19,"column":2},"end":{"line":23,"column":null}},"2":{"start":{"line":20,"column":4},"end":{"line":20,"column":null}},"3":{"start":{"line":20,"column":17},"end":{"line":20,"column":null}},"4":{"start":{"line":21,"column":20},"end":{"line":21,"column":null}},"5":{"start":{"line":21,"column":37},"end":{"line":21,"column":55}},"6":{"start":{"line":22,"column":4},"end":{"line":22,"column":null}},"7":{"start":{"line":22,"column":17},"end":{"line":22,"column":null}},"8":{"start":{"line":25,"column":2},"end":{"line":99,"column":null}},"9":{"start":{"line":41,"column":16},"end":{"line":41,"column":null}},"10":{"start":{"line":41,"column":32},"end":{"line":41,"column":null}},"11":{"start":{"line":42,"column":16},"end":{"line":65,"column":null}},"12":{"start":{"line":43,"column":18},"end":{"line":43,"column":null}},"13":{"start":{"line":44,"column":18},"end":{"line":44,"column":null}},"14":{"start":{"line":45,"column":18},"end":{"line":45,"column":null}},"15":{"start":{"line":48,"column":35},"end":{"line":48,"column":null}},"16":{"start":{"line":49,"column":18},"end":{"line":49,"column":null}},"17":{"start":{"line":50,"column":18},"end":{"line":50,"column":null}},"18":{"start":{"line":51,"column":18},"end":{"line":51,"column":null}},"19":{"start":{"line":52,"column":18},"end":{"line":52,"column":null}},"20":{"start":{"line":53,"column":18},"end":{"line":53,"column":null}},"21":{"start":{"line":54,"column":18},"end":{"line":63,"column":null}},"22":{"start":{"line":55,"column":20},"end":{"line":55,"column":null}},"23":{"start":{"line":56,"column":20},"end":{"line":56,"column":null}},"24":{"start":{"line":57,"column":20},"end":{"line":57,"column":null}},"25":{"start":{"line":59,"column":20},"end":{"line":62,"column":null}},"26":{"start":{"line":64,"column":18},"end":{"line":64,"column":null}}},"fnMap":{"0":{"name":"BabyNav","decl":{"start":{"line":16,"column":16},"end":{"line":16,"column":24}},"loc":{"start":{"line":16,"column":83},"end":{"line":101,"column":null}},"line":16},"1":{"name":"(anonymous_1)","decl":{"start":{"line":19,"column":2},"end":{"line":19,"column":18}},"loc":{"start":{"line":19,"column":18},"end":{"line":23,"column":5}},"line":19},"2":{"name":"(anonymous_2)","decl":{"start":{"line":21,"column":20},"end":{"line":21,"column":37}},"loc":{"start":{"line":21,"column":37},"end":{"line":21,"column":55}},"line":21},"3":{"name":"(anonymous_3)","decl":{"start":{"line":22,"column":4},"end":{"line":22,"column":17}},"loc":{"start":{"line":22,"column":17},"end":{"line":22,"column":null}},"line":22},"4":{"name":"(anonymous_4)","decl":{"start":{"line":40,"column":23},"end":{"line":40,"column":35}},"loc":{"start":{"line":40,"column":35},"end":{"line":66,"column":null}},"line":40}},"branchMap":{"0":{"loc":{"start":{"line":20,"column":4},"end":{"line":20,"column":null}},"type":"if","locations":[{"start":{"line":20,"column":4},"end":{"line":20,"column":null}},{"start":{},"end":{}}],"line":20},"1":{"loc":{"start":{"line":41,"column":16},"end":{"line":41,"column":null}},"type":"if","locations":[{"start":{"line":41,"column":16},"end":{"line":41,"column":null}},{"start":{},"end":{}}],"line":41},"2":{"loc":{"start":{"line":61,"column":25},"end":{"line":61,"column":null}},"type":"cond-expr","locations":[{"start":{"line":61,"column":50},"end":{"line":61,"column":66}},{"start":{"line":61,"column":66},"end":{"line":61,"column":null}}],"line":61},"3":{"loc":{"start":{"line":72,"column":15},"end":{"line":72,"column":null}},"type":"cond-expr","locations":[{"start":{"line":72,"column":24},"end":{"line":72,"column":63}},{"start":{"line":72,"column":62},"end":{"line":72,"column":null}}],"line":72},"4":{"loc":{"start":{"line":76,"column":25},"end":{"line":76,"column":83}},"type":"cond-expr","locations":[{"start":{"line":76,"column":34},"end":{"line":76,"column":46}},{"start":{"line":76,"column":46},"end":{"line":76,"column":83}}],"line":76},"5":{"loc":{"start":{"line":81,"column":7},"end":{"line":97,"column":null}},"type":"binary-expr","locations":[{"start":{"line":81,"column":7},"end":{"line":81,"column":null}},{"start":{"line":82,"column":8},"end":{"line":97,"column":null}}],"line":81},"6":{"loc":{"start":{"line":86,"column":25},"end":{"line":86,"column":null}},"type":"cond-expr","locations":[{"start":{"line":86,"column":40},"end":{"line":86,"column":52}},{"start":{"line":86,"column":52},"end":{"line":86,"column":null}}],"line":86},"7":{"loc":{"start":{"line":96,"column":27},"end":{"line":96,"column":92}},"type":"cond-expr","locations":[{"start":{"line":96,"column":42},"end":{"line":96,"column":60}},{"start":{"line":96,"column":60},"end":{"line":96,"column":92}}],"line":96}},"s":{"0":8,"1":8,"2":8,"3":7,"4":1,"5":0,"6":1,"7":1,"8":8,"9":4,"10":0,"11":4,"12":4,"13":1,"14":1,"15":3,"16":3,"17":3,"18":3,"19":3,"20":3,"21":3,"22":3,"23":3,"24":3,"25":2,"26":3},"f":{"0":8,"1":8,"2":0,"3":1,"4":4},"b":{"0":[7,1],"1":[0,4],"2":[1,1],"3":[1,7],"4":[1,7],"5":[8,2],"6":[1,1],"7":[1,1]},"meta":{"lastBranch":8,"lastFunction":5,"lastStatement":27,"seen":{"f:16:16:16:24":0,"s:17:30:17:Infinity":0,"s:19:2:23:Infinity":1,"f:19:2:19:18":1,"b:20:4:20:Infinity:undefined:undefined:undefined:undefined":0,"s:20:4:20:Infinity":2,"s:20:17:20:Infinity":3,"s:21:20:21:Infinity":4,"f:21:20:21:37":2,"s:21:37:21:55":5,"s:22:4:22:Infinity":6,"f:22:4:22:17":3,"s:22:17:22:Infinity":7,"s:25:2:99:Infinity":8,"f:40:23:40:35":4,"b:41:16:41:Infinity:undefined:undefined:undefined:undefined":1,"s:41:16:41:Infinity":9,"s:41:32:41:Infinity":10,"s:42:16:65:Infinity":11,"s:43:18:43:Infinity":12,"s:44:18:44:Infinity":13,"s:45:18:45:Infinity":14,"s:48:35:48:Infinity":15,"s:49:18:49:Infinity":16,"s:50:18:50:Infinity":17,"s:51:18:51:Infinity":18,"s:52:18:52:Infinity":19,"s:53:18:53:Infinity":20,"s:54:18:63:Infinity":21,"s:55:20:55:Infinity":22,"s:56:20:56:Infinity":23,"s:57:20:57:Infinity":24,"s:59:20:62:Infinity":25,"b:61:50:61:66:61:66:61:Infinity":2,"s:64:18:64:Infinity":26,"b:72:24:72:63:72:62:72:Infinity":3,"b:76:34:76:46:76:46:76:83":4,"b:81:7:81:Infinity:82:8:97:Infinity":5,"b:86:40:86:52:86:52:86:Infinity":6,"b:96:42:96:60:96:60:96:92":7},"fnNames":{}}}
,"/workspace/apps/web/src/components/baby/editors.tsx": {"path":"/workspace/apps/web/src/components/baby/editors.tsx","statementMap":{"0":{"start":{"line":37,"column":36},"end":{"line":37,"column":null}},"1":{"start":{"line":38,"column":32},"end":{"line":41,"column":null}},"2":{"start":{"line":39,"column":17},"end":{"line":39,"column":null}},"3":{"start":{"line":40,"column":4},"end":{"line":40,"column":null}},"4":{"start":{"line":42,"column":36},"end":{"line":42,"column":null}},"5":{"start":{"line":44,"column":31},"end":{"line":44,"column":null}},"6":{"start":{"line":45,"column":21},"end":{"line":45,"column":null}},"7":{"start":{"line":47,"column":2},"end":{"line":126,"column":null}},"8":{"start":{"line":54,"column":8},"end":{"line":66,"column":null}},"9":{"start":{"line":58,"column":32},"end":{"line":58,"column":null}},"10":{"start":{"line":59,"column":10},"end":{"line":65,"column":null}},"11":{"start":{"line":63,"column":12},"end":{"line":63,"column":null}},"12":{"start":{"line":64,"column":12},"end":{"line":64,"column":null}},"13":{"start":{"line":67,"column":8},"end":{"line":67,"column":null}},"14":{"start":{"line":81,"column":27},"end":{"line":81,"column":null}},"15":{"start":{"line":83,"column":30},"end":{"line":83,"column":null}},"16":{"start":{"line":84,"column":26},"end":{"line":84,"column":null}},"17":{"start":{"line":89,"column":14},"end":{"line":89,"column":null}},"18":{"start":{"line":90,"column":27},"end":{"line":90,"column":null}},"19":{"start":{"line":91,"column":14},"end":{"line":91,"column":null}},"20":{"start":{"line":92,"column":14},"end":{"line":92,"column":null}},"21":{"start":{"line":102,"column":14},"end":{"line":102,"column":null}},"22":{"start":{"line":103,"column":14},"end":{"line":117,"column":null}},"23":{"start":{"line":104,"column":16},"end":{"line":104,"column":null}},"24":{"start":{"line":105,"column":16},"end":{"line":114,"column":null}},"25":{"start":{"line":106,"column":34},"end":{"line":106,"column":null}},"26":{"start":{"line":107,"column":37},"end":{"line":107,"column":null}},"27":{"start":{"line":108,"column":18},"end":{"line":108,"column":null}},"28":{"start":{"line":109,"column":18},"end":{"line":109,"column":null}},"29":{"start":{"line":111,"column":18},"end":{"line":111,"column":null}},"30":{"start":{"line":113,"column":18},"end":{"line":113,"column":null}},"31":{"start":{"line":116,"column":16},"end":{"line":116,"column":null}},"32":{"start":{"line":143,"column":36},"end":{"line":143,"column":null}},"33":{"start":{"line":144,"column":40},"end":{"line":148,"column":null}},"34":{"start":{"line":145,"column":17},"end":{"line":145,"column":null}},"35":{"start":{"line":146,"column":22},"end":{"line":146,"column":null}},"36":{"start":{"line":147,"column":4},"end":{"line":147,"column":null}},"37":{"start":{"line":149,"column":36},"end":{"line":149,"column":null}},"38":{"start":{"line":151,"column":8},"end":{"line":155,"column":null}},"39":{"start":{"line":152,"column":17},"end":{"line":152,"column":null}},"40":{"start":{"line":153,"column":22},"end":{"line":153,"column":null}},"41":{"start":{"line":154,"column":4},"end":{"line":154,"column":null}},"42":{"start":{"line":156,"column":21},"end":{"line":156,"column":null}},"43":{"start":{"line":158,"column":2},"end":{"line":224,"column":null}},"44":{"start":{"line":172,"column":27},"end":{"line":172,"column":null}},"45":{"start":{"line":178,"column":14},"end":{"line":178,"column":null}},"46":{"start":{"line":179,"column":27},"end":{"line":179,"column":null}},"47":{"start":{"line":180,"column":32},"end":{"line":180,"column":null}},"48":{"start":{"line":181,"column":14},"end":{"line":181,"column":null}},"49":{"start":{"line":182,"column":14},"end":{"line":182,"column":null}},"50":{"start":{"line":192,"column":14},"end":{"line":192,"column":null}},"51":{"start":{"line":193,"column":14},"end":{"line":215,"column":null}},"52":{"start":{"line":194,"column":16},"end":{"line":194,"column":null}},"53":{"start":{"line":195,"column":16},"end":{"line":212,"column":null}},"54":{"start":{"line":196,"column":34},"end":{"line":196,"column":null}},"55":{"start":{"line":197,"column":37},"end":{"line":197,"column":null}},"56":{"start":{"line":199,"column":18},"end":{"line":205,"column":null}},"57":{"start":{"line":200,"column":20},"end":{"line":200,"column":null}},"58":{"start":{"line":201,"column":25},"end":{"line":205,"column":null}},"59":{"start":{"line":202,"column":20},"end":{"line":202,"column":null}},"60":{"start":{"line":203,"column":25},"end":{"line":205,"column":null}},"61":{"start":{"line":204,"column":20},"end":{"line":204,"column":null}},"62":{"start":{"line":207,"column":18},"end":{"line":207,"column":null}},"63":{"start":{"line":209,"column":18},"end":{"line":209,"column":null}},"64":{"start":{"line":211,"column":18},"end":{"line":211,"column":null}},"65":{"start":{"line":214,"column":16},"end":{"line":214,"column":null}},"66":{"start":{"line":234,"column":36},"end":{"line":234,"column":null}},"67":{"start":{"line":235,"column":32},"end":{"line":235,"column":null}},"68":{"start":{"line":236,"column":36},"end":{"line":236,"column":null}},"69":{"start":{"line":238,"column":21},"end":{"line":238,"column":null}},"70":{"start":{"line":240,"column":2},"end":{"line":308,"column":null}},"71":{"start":{"line":252,"column":27},"end":{"line":252,"column":null}},"72":{"start":{"line":256,"column":12},"end":{"line":270,"column":null}},"73":{"start":{"line":257,"column":14},"end":{"line":257,"column":null}},"74":{"start":{"line":258,"column":14},"end":{"line":258,"column":null}},"75":{"start":{"line":259,"column":14},"end":{"line":266,"column":null}},"76":{"start":{"line":260,"column":16},"end":{"line":260,"column":null}},"77":{"start":{"line":261,"column":16},"end":{"line":261,"column":null}},"78":{"start":{"line":263,"column":16},"end":{"line":263,"column":null}},"79":{"start":{"line":265,"column":16},"end":{"line":265,"column":null}},"80":{"start":{"line":267,"column":19},"end":{"line":270,"column":null}},"81":{"start":{"line":268,"column":14},"end":{"line":268,"column":null}},"82":{"start":{"line":269,"column":14},"end":{"line":269,"column":null}},"83":{"start":{"line":276,"column":14},"end":{"line":276,"column":null}},"84":{"start":{"line":277,"column":14},"end":{"line":277,"column":null}},"85":{"start":{"line":287,"column":14},"end":{"line":299,"column":null}},"86":{"start":{"line":288,"column":16},"end":{"line":288,"column":null}},"87":{"start":{"line":289,"column":16},"end":{"line":296,"column":null}},"88":{"start":{"line":290,"column":18},"end":{"line":290,"column":null}},"89":{"start":{"line":291,"column":18},"end":{"line":291,"column":null}},"90":{"start":{"line":293,"column":18},"end":{"line":293,"column":null}},"91":{"start":{"line":295,"column":18},"end":{"line":295,"column":null}},"92":{"start":{"line":298,"column":16},"end":{"line":298,"column":null}},"93":{"start":{"line":318,"column":36},"end":{"line":318,"column":null}},"94":{"start":{"line":319,"column":38},"end":{"line":319,"column":null}},"95":{"start":{"line":320,"column":36},"end":{"line":320,"column":null}},"96":{"start":{"line":322,"column":21},"end":{"line":322,"column":null}},"97":{"start":{"line":324,"column":17},"end":{"line":324,"column":null}},"98":{"start":{"line":326,"column":2},"end":{"line":379,"column":null}},"99":{"start":{"line":338,"column":27},"end":{"line":338,"column":null}},"100":{"start":{"line":345,"column":14},"end":{"line":345,"column":null}},"101":{"start":{"line":346,"column":14},"end":{"line":346,"column":null}},"102":{"start":{"line":356,"column":14},"end":{"line":370,"column":null}},"103":{"start":{"line":357,"column":16},"end":{"line":357,"column":null}},"104":{"start":{"line":358,"column":16},"end":{"line":367,"column":null}},"105":{"start":{"line":359,"column":18},"end":{"line":359,"column":null}},"106":{"start":{"line":360,"column":18},"end":{"line":360,"column":null}},"107":{"start":{"line":362,"column":18},"end":{"line":364,"column":null}},"108":{"start":{"line":366,"column":18},"end":{"line":366,"column":null}},"109":{"start":{"line":369,"column":16},"end":{"line":369,"column":null}},"110":{"start":{"line":389,"column":36},"end":{"line":389,"column":null}},"111":{"start":{"line":390,"column":38},"end":{"line":390,"column":null}},"112":{"start":{"line":391,"column":36},"end":{"line":391,"column":null}},"113":{"start":{"line":393,"column":21},"end":{"line":393,"column":null}},"114":{"start":{"line":395,"column":17},"end":{"line":395,"column":null}},"115":{"start":{"line":397,"column":2},"end":{"line":450,"column":null}},"116":{"start":{"line":409,"column":27},"end":{"line":409,"column":null}},"117":{"start":{"line":416,"column":14},"end":{"line":416,"column":null}},"118":{"start":{"line":417,"column":14},"end":{"line":417,"column":null}},"119":{"start":{"line":427,"column":14},"end":{"line":441,"column":null}},"120":{"start":{"line":428,"column":16},"end":{"line":428,"column":null}},"121":{"start":{"line":429,"column":16},"end":{"line":438,"column":null}},"122":{"start":{"line":430,"column":18},"end":{"line":430,"column":null}},"123":{"start":{"line":431,"column":18},"end":{"line":431,"column":null}},"124":{"start":{"line":433,"column":18},"end":{"line":435,"column":null}},"125":{"start":{"line":437,"column":18},"end":{"line":437,"column":null}},"126":{"start":{"line":440,"column":16},"end":{"line":440,"column":null}},"127":{"start":{"line":460,"column":36},"end":{"line":460,"column":null}},"128":{"start":{"line":461,"column":38},"end":{"line":461,"column":null}},"129":{"start":{"line":462,"column":36},"end":{"line":462,"column":null}},"130":{"start":{"line":464,"column":21},"end":{"line":464,"column":null}},"131":{"start":{"line":466,"column":17},"end":{"line":466,"column":null}},"132":{"start":{"line":468,"column":2},"end":{"line":523,"column":null}},"133":{"start":{"line":480,"column":27},"end":{"line":480,"column":null}},"134":{"start":{"line":487,"column":14},"end":{"line":487,"column":null}},"135":{"start":{"line":488,"column":14},"end":{"line":488,"column":null}},"136":{"start":{"line":489,"column":14},"end":{"line":489,"column":null}},"137":{"start":{"line":499,"column":14},"end":{"line":499,"column":null}},"138":{"start":{"line":500,"column":14},"end":{"line":514,"column":null}},"139":{"start":{"line":501,"column":16},"end":{"line":501,"column":null}},"140":{"start":{"line":502,"column":16},"end":{"line":511,"column":null}},"141":{"start":{"line":503,"column":18},"end":{"line":503,"column":null}},"142":{"start":{"line":504,"column":18},"end":{"line":504,"column":null}},"143":{"start":{"line":506,"column":18},"end":{"line":508,"column":null}},"144":{"start":{"line":510,"column":18},"end":{"line":510,"column":null}},"145":{"start":{"line":513,"column":16},"end":{"line":513,"column":null}},"146":{"start":{"line":533,"column":30},"end":{"line":533,"column":null}},"147":{"start":{"line":534,"column":36},"end":{"line":534,"column":null}},"148":{"start":{"line":536,"column":2},"end":{"line":580,"column":null}},"149":{"start":{"line":548,"column":12},"end":{"line":576,"column":null}},"150":{"start":{"line":555,"column":16},"end":{"line":555,"column":null}},"151":{"start":{"line":556,"column":16},"end":{"line":563,"column":null}},"152":{"start":{"line":557,"column":18},"end":{"line":557,"column":null}},"153":{"start":{"line":558,"column":18},"end":{"line":558,"column":null}},"154":{"start":{"line":560,"column":18},"end":{"line":560,"column":null}},"155":{"start":{"line":562,"column":18},"end":{"line":562,"column":null}},"156":{"start":{"line":568,"column":18},"end":{"line":572,"column":null}},"157":{"start":{"line":603,"column":36},"end":{"line":603,"column":null}},"158":{"start":{"line":605,"column":22},"end":{"line":605,"column":null}},"159":{"start":{"line":607,"column":2},"end":{"line":643,"column":null}},"160":{"start":{"line":610,"column":8},"end":{"line":610,"column":null}},"161":{"start":{"line":611,"column":8},"end":{"line":636,"column":null}},"162":{"start":{"line":612,"column":10},"end":{"line":631,"column":null}},"163":{"start":{"line":613,"column":12},"end":{"line":619,"column":null}},"164":{"start":{"line":614,"column":14},"end":{"line":614,"column":null}},"165":{"start":{"line":615,"column":19},"end":{"line":619,"column":null}},"166":{"start":{"line":616,"column":14},"end":{"line":616,"column":null}},"167":{"start":{"line":617,"column":19},"end":{"line":619,"column":null}},"168":{"start":{"line":618,"column":14},"end":{"line":618,"column":null}},"169":{"start":{"line":621,"column":24},"end":{"line":621,"column":null}},"170":{"start":{"line":622,"column":31},"end":{"line":622,"column":null}},"171":{"start":{"line":624,"column":12},"end":{"line":630,"column":null}},"172":{"start":{"line":625,"column":14},"end":{"line":625,"column":null}},"173":{"start":{"line":626,"column":19},"end":{"line":630,"column":null}},"174":{"start":{"line":627,"column":14},"end":{"line":627,"column":null}},"175":{"start":{"line":628,"column":19},"end":{"line":630,"column":null}},"176":{"start":{"line":629,"column":14},"end":{"line":629,"column":null}},"177":{"start":{"line":633,"column":10},"end":{"line":633,"column":null}},"178":{"start":{"line":635,"column":10},"end":{"line":635,"column":null}},"179":{"start":{"line":653,"column":30},"end":{"line":653,"column":null}},"180":{"start":{"line":654,"column":40},"end":{"line":654,"column":null}},"181":{"start":{"line":655,"column":38},"end":{"line":655,"column":null}},"182":{"start":{"line":656,"column":23},"end":{"line":656,"column":null}},"183":{"start":{"line":658,"column":28},"end":{"line":658,"column":null}},"184":{"start":{"line":659,"column":22},"end":{"line":659,"column":null}},"185":{"start":{"line":661,"column":27},"end":{"line":709,"column":null}},"186":{"start":{"line":662,"column":17},"end":{"line":662,"column":null}},"187":{"start":{"line":663,"column":4},"end":{"line":663,"column":null}},"188":{"start":{"line":663,"column":15},"end":{"line":663,"column":null}},"189":{"start":{"line":666,"column":4},"end":{"line":669,"column":null}},"190":{"start":{"line":667,"column":6},"end":{"line":667,"column":null}},"191":{"start":{"line":668,"column":6},"end":{"line":668,"column":null}},"192":{"start":{"line":671,"column":4},"end":{"line":671,"column":null}},"193":{"start":{"line":674,"column":22},"end":{"line":674,"column":null}},"194":{"start":{"line":675,"column":4},"end":{"line":675,"column":null}},"195":{"start":{"line":677,"column":4},"end":{"line":708,"column":null}},"196":{"start":{"line":679,"column":24},"end":{"line":679,"column":null}},"197":{"start":{"line":682,"column":23},"end":{"line":686,"column":null}},"198":{"start":{"line":688,"column":6},"end":{"line":690,"column":null}},"199":{"start":{"line":689,"column":8},"end":{"line":689,"column":null}},"200":{"start":{"line":692,"column":28},"end":{"line":692,"column":null}},"201":{"start":{"line":695,"column":6},"end":{"line":695,"column":null}},"202":{"start":{"line":697,"column":6},"end":{"line":697,"column":null}},"203":{"start":{"line":698,"column":6},"end":{"line":698,"column":null}},"204":{"start":{"line":700,"column":6},"end":{"line":700,"column":null}},"205":{"start":{"line":701,"column":6},"end":{"line":701,"column":null}},"206":{"start":{"line":703,"column":6},"end":{"line":703,"column":null}},"207":{"start":{"line":705,"column":6},"end":{"line":707,"column":null}},"208":{"start":{"line":706,"column":8},"end":{"line":706,"column":null}},"209":{"start":{"line":711,"column":28},"end":{"line":722,"column":null}},"210":{"start":{"line":712,"column":4},"end":{"line":712,"column":null}},"211":{"start":{"line":713,"column":4},"end":{"line":721,"column":null}},"212":{"start":{"line":714,"column":6},"end":{"line":714,"column":null}},"213":{"start":{"line":715,"column":6},"end":{"line":715,"column":null}},"214":{"start":{"line":716,"column":6},"end":{"line":716,"column":null}},"215":{"start":{"line":718,"column":6},"end":{"line":718,"column":null}},"216":{"start":{"line":720,"column":6},"end":{"line":720,"column":null}},"217":{"start":{"line":724,"column":21},"end":{"line":724,"column":null}},"218":{"start":{"line":726,"column":2},"end":{"line":786,"column":null}},"219":{"start":{"line":759,"column":29},"end":{"line":759,"column":null}}},"fnMap":{"0":{"name":"DueDateEditor","decl":{"start":{"line":36,"column":16},"end":{"line":36,"column":30}},"loc":{"start":{"line":36,"column":70},"end":{"line":128,"column":null}},"line":36},"1":{"name":"(anonymous_1)","decl":{"start":{"line":38,"column":32},"end":{"line":38,"column":47}},"loc":{"start":{"line":38,"column":47},"end":{"line":41,"column":3}},"line":38},"2":{"name":"(anonymous_2)","decl":{"start":{"line":50,"column":6},"end":{"line":50,"column":21}},"loc":{"start":{"line":50,"column":44},"end":{"line":68,"column":null}},"line":50},"3":{"name":"(anonymous_3)","decl":{"start":{"line":81,"column":10},"end":{"line":81,"column":21}},"loc":{"start":{"line":81,"column":27},"end":{"line":81,"column":null}},"line":81},"4":{"name":"(anonymous_4)","decl":{"start":{"line":83,"column":10},"end":{"line":83,"column":24}},"loc":{"start":{"line":83,"column":30},"end":{"line":83,"column":null}},"line":83},"5":{"name":"(anonymous_5)","decl":{"start":{"line":84,"column":10},"end":{"line":84,"column":20}},"loc":{"start":{"line":84,"column":26},"end":{"line":84,"column":null}},"line":84},"6":{"name":"(anonymous_6)","decl":{"start":{"line":88,"column":12},"end":{"line":88,"column":22}},"loc":{"start":{"line":88,"column":28},"end":{"line":93,"column":null}},"line":88},"7":{"name":"(anonymous_7)","decl":{"start":{"line":101,"column":21},"end":{"line":101,"column":28}},"loc":{"start":{"line":101,"column":34},"end":{"line":118,"column":null}},"line":101},"8":{"name":"StatusDateEditor","decl":{"start":{"line":137,"column":16},"end":{"line":137,"column":33}},"loc":{"start":{"line":142,"column":26},"end":{"line":226,"column":null}},"line":142},"9":{"name":"(anonymous_9)","decl":{"start":{"line":144,"column":40},"end":{"line":144,"column":55}},"loc":{"start":{"line":144,"column":55},"end":{"line":148,"column":3}},"line":144},"10":{"name":"(anonymous_10)","decl":{"start":{"line":151,"column":8},"end":{"line":151,"column":42}},"loc":{"start":{"line":151,"column":42},"end":{"line":155,"column":3}},"line":151},"11":{"name":"(anonymous_11)","decl":{"start":{"line":172,"column":10},"end":{"line":172,"column":21}},"loc":{"start":{"line":172,"column":27},"end":{"line":172,"column":null}},"line":172},"12":{"name":"(anonymous_12)","decl":{"start":{"line":177,"column":12},"end":{"line":177,"column":22}},"loc":{"start":{"line":177,"column":28},"end":{"line":183,"column":null}},"line":177},"13":{"name":"(anonymous_13)","decl":{"start":{"line":191,"column":21},"end":{"line":191,"column":28}},"loc":{"start":{"line":191,"column":34},"end":{"line":216,"column":null}},"line":191},"14":{"name":"NameEditor","decl":{"start":{"line":233,"column":16},"end":{"line":233,"column":27}},"loc":{"start":{"line":233,"column":64},"end":{"line":310,"column":null}},"line":233},"15":{"name":"(anonymous_15)","decl":{"start":{"line":252,"column":10},"end":{"line":252,"column":21}},"loc":{"start":{"line":252,"column":27},"end":{"line":252,"column":null}},"line":252},"16":{"name":"(anonymous_16)","decl":{"start":{"line":255,"column":21},"end":{"line":255,"column":28}},"loc":{"start":{"line":255,"column":34},"end":{"line":271,"column":null}},"line":255},"17":{"name":"(anonymous_17)","decl":{"start":{"line":275,"column":12},"end":{"line":275,"column":27}},"loc":{"start":{"line":275,"column":27},"end":{"line":278,"column":null}},"line":275},"18":{"name":"(anonymous_18)","decl":{"start":{"line":286,"column":21},"end":{"line":286,"column":33}},"loc":{"start":{"line":286,"column":33},"end":{"line":300,"column":null}},"line":286},"19":{"name":"HospitalMessageEditor","decl":{"start":{"line":317,"column":16},"end":{"line":317,"column":38}},"loc":{"start":{"line":317,"column":86},"end":{"line":381,"column":null}},"line":317},"20":{"name":"(anonymous_20)","decl":{"start":{"line":338,"column":10},"end":{"line":338,"column":21}},"loc":{"start":{"line":338,"column":27},"end":{"line":338,"column":null}},"line":338},"21":{"name":"(anonymous_21)","decl":{"start":{"line":344,"column":12},"end":{"line":344,"column":27}},"loc":{"start":{"line":344,"column":27},"end":{"line":347,"column":null}},"line":344},"22":{"name":"(anonymous_22)","decl":{"start":{"line":355,"column":21},"end":{"line":355,"column":33}},"loc":{"start":{"line":355,"column":33},"end":{"line":371,"column":null}},"line":355},"23":{"name":"LaborStartedMessageEditor","decl":{"start":{"line":388,"column":16},"end":{"line":388,"column":42}},"loc":{"start":{"line":388,"column":94},"end":{"line":452,"column":null}},"line":388},"24":{"name":"(anonymous_24)","decl":{"start":{"line":409,"column":10},"end":{"line":409,"column":21}},"loc":{"start":{"line":409,"column":27},"end":{"line":409,"column":null}},"line":409},"25":{"name":"(anonymous_25)","decl":{"start":{"line":415,"column":12},"end":{"line":415,"column":27}},"loc":{"start":{"line":415,"column":27},"end":{"line":418,"column":null}},"line":415},"26":{"name":"(anonymous_26)","decl":{"start":{"line":426,"column":21},"end":{"line":426,"column":33}},"loc":{"start":{"line":426,"column":33},"end":{"line":442,"column":null}},"line":426},"27":{"name":"BabyBornMessageEditor","decl":{"start":{"line":459,"column":16},"end":{"line":459,"column":38}},"loc":{"start":{"line":459,"column":86},"end":{"line":525,"column":null}},"line":459},"28":{"name":"(anonymous_28)","decl":{"start":{"line":480,"column":10},"end":{"line":480,"column":21}},"loc":{"start":{"line":480,"column":27},"end":{"line":480,"column":null}},"line":480},"29":{"name":"(anonymous_29)","decl":{"start":{"line":486,"column":12},"end":{"line":486,"column":22}},"loc":{"start":{"line":486,"column":28},"end":{"line":490,"column":null}},"line":486},"30":{"name":"(anonymous_30)","decl":{"start":{"line":498,"column":21},"end":{"line":498,"column":28}},"loc":{"start":{"line":498,"column":34},"end":{"line":515,"column":null}},"line":498},"31":{"name":"ThemeSelector","decl":{"start":{"line":532,"column":16},"end":{"line":532,"column":30}},"loc":{"start":{"line":532,"column":70},"end":{"line":582,"column":null}},"line":532},"32":{"name":"(anonymous_32)","decl":{"start":{"line":547,"column":25},"end":{"line":547,"column":30}},"loc":{"start":{"line":548,"column":12},"end":{"line":576,"column":null}},"line":548},"33":{"name":"(anonymous_33)","decl":{"start":{"line":554,"column":23},"end":{"line":554,"column":35}},"loc":{"start":{"line":554,"column":35},"end":{"line":564,"column":null}},"line":554},"34":{"name":"(anonymous_34)","decl":{"start":{"line":567,"column":31},"end":{"line":567,"column":36}},"loc":{"start":{"line":568,"column":18},"end":{"line":572,"column":null}},"line":568},"35":{"name":"StatusUpdateButton","decl":{"start":{"line":594,"column":16},"end":{"line":594,"column":35}},"loc":{"start":{"line":602,"column":28},"end":{"line":645,"column":null}},"line":602},"36":{"name":"(anonymous_36)","decl":{"start":{"line":609,"column":15},"end":{"line":609,"column":27}},"loc":{"start":{"line":609,"column":27},"end":{"line":637,"column":null}},"line":609},"37":{"name":"PhotoUploader","decl":{"start":{"line":652,"column":16},"end":{"line":652,"column":30}},"loc":{"start":{"line":652,"column":72},"end":{"line":788,"column":null}},"line":652},"38":{"name":"(anonymous_38)","decl":{"start":{"line":661,"column":27},"end":{"line":661,"column":34}},"loc":{"start":{"line":661,"column":77},"end":{"line":709,"column":null}},"line":661},"39":{"name":"(anonymous_39)","decl":{"start":{"line":711,"column":28},"end":{"line":711,"column":40}},"loc":{"start":{"line":711,"column":40},"end":{"line":722,"column":null}},"line":711},"40":{"name":"(anonymous_40)","decl":{"start":{"line":759,"column":14},"end":{"line":759,"column":29}},"loc":{"start":{"line":759,"column":29},"end":{"line":759,"column":null}},"line":759}},"branchMap":{"0":{"loc":{"start":{"line":54,"column":8},"end":{"line":66,"column":null}},"type":"if","locations":[{"start":{"line":54,"column":8},"end":{"line":66,"column":null}},{"start":{},"end":{}}],"line":54},"1":{"loc":{"start":{"line":55,"column":10},"end":{"line":56,"column":null}},"type":"binary-expr","locations":[{"start":{"line":55,"column":10},"end":{"line":55,"column":null}},{"start":{"line":56,"column":11},"end":{"line":56,"column":54}},{"start":{"line":56,"column":54},"end":{"line":56,"column":null}}],"line":55},"2":{"loc":{"start":{"line":59,"column":10},"end":{"line":65,"column":null}},"type":"if","locations":[{"start":{"line":59,"column":10},"end":{"line":65,"column":null}},{"start":{},"end":{}}],"line":59},"3":{"loc":{"start":{"line":60,"column":12},"end":{"line":61,"column":null}},"type":"binary-expr","locations":[{"start":{"line":60,"column":12},"end":{"line":60,"column":null}},{"start":{"line":61,"column":13},"end":{"line":61,"column":null}}],"line":60},"4":{"loc":{"start":{"line":103,"column":14},"end":{"line":117,"column":null}},"type":"if","locations":[{"start":{"line":103,"column":14},"end":{"line":117,"column":null}},{"start":{"line":115,"column":21},"end":{"line":117,"column":null}}],"line":103},"5":{"loc":{"start":{"line":111,"column":30},"end":{"line":111,"column":94}},"type":"cond-expr","locations":[{"start":{"line":111,"column":53},"end":{"line":111,"column":67}},{"start":{"line":111,"column":67},"end":{"line":111,"column":94}}],"line":111},"6":{"loc":{"start":{"line":120,"column":22},"end":{"line":120,"column":null}},"type":"binary-expr","locations":[{"start":{"line":120,"column":22},"end":{"line":120,"column":35}},{"start":{"line":120,"column":35},"end":{"line":120,"column":null}}],"line":120},"7":{"loc":{"start":{"line":193,"column":14},"end":{"line":215,"column":null}},"type":"if","locations":[{"start":{"line":193,"column":14},"end":{"line":215,"column":null}},{"start":{"line":213,"column":21},"end":{"line":215,"column":null}}],"line":193},"8":{"loc":{"start":{"line":199,"column":18},"end":{"line":205,"column":null}},"type":"if","locations":[{"start":{"line":199,"column":18},"end":{"line":205,"column":null}},{"start":{"line":201,"column":25},"end":{"line":205,"column":null}}],"line":199},"9":{"loc":{"start":{"line":201,"column":25},"end":{"line":205,"column":null}},"type":"if","locations":[{"start":{"line":201,"column":25},"end":{"line":205,"column":null}},{"start":{"line":203,"column":25},"end":{"line":205,"column":null}}],"line":201},"10":{"loc":{"start":{"line":203,"column":25},"end":{"line":205,"column":null}},"type":"if","locations":[{"start":{"line":203,"column":25},"end":{"line":205,"column":null}},{"start":{},"end":{}}],"line":203},"11":{"loc":{"start":{"line":209,"column":30},"end":{"line":209,"column":97}},"type":"cond-expr","locations":[{"start":{"line":209,"column":53},"end":{"line":209,"column":67}},{"start":{"line":209,"column":67},"end":{"line":209,"column":97}}],"line":209},"12":{"loc":{"start":{"line":218,"column":22},"end":{"line":218,"column":null}},"type":"binary-expr","locations":[{"start":{"line":218,"column":22},"end":{"line":218,"column":35}},{"start":{"line":218,"column":35},"end":{"line":218,"column":null}}],"line":218},"13":{"loc":{"start":{"line":256,"column":12},"end":{"line":270,"column":null}},"type":"if","locations":[{"start":{"line":256,"column":12},"end":{"line":270,"column":null}},{"start":{"line":267,"column":19},"end":{"line":270,"column":null}}],"line":256},"14":{"loc":{"start":{"line":256,"column":16},"end":{"line":256,"column":49}},"type":"binary-expr","locations":[{"start":{"line":256,"column":16},"end":{"line":256,"column":37}},{"start":{"line":256,"column":37},"end":{"line":256,"column":49}}],"line":256},"15":{"loc":{"start":{"line":263,"column":28},"end":{"line":263,"column":88}},"type":"cond-expr","locations":[{"start":{"line":263,"column":51},"end":{"line":263,"column":65}},{"start":{"line":263,"column":65},"end":{"line":263,"column":88}}],"line":263},"16":{"loc":{"start":{"line":267,"column":19},"end":{"line":270,"column":null}},"type":"if","locations":[{"start":{"line":267,"column":19},"end":{"line":270,"column":null}},{"start":{},"end":{}}],"line":267},"17":{"loc":{"start":{"line":287,"column":14},"end":{"line":299,"column":null}},"type":"if","locations":[{"start":{"line":287,"column":14},"end":{"line":299,"column":null}},{"start":{"line":297,"column":21},"end":{"line":299,"column":null}}],"line":287},"18":{"loc":{"start":{"line":293,"column":30},"end":{"line":293,"column":90}},"type":"cond-expr","locations":[{"start":{"line":293,"column":53},"end":{"line":293,"column":67}},{"start":{"line":293,"column":67},"end":{"line":293,"column":90}}],"line":293},"19":{"loc":{"start":{"line":302,"column":22},"end":{"line":302,"column":null}},"type":"binary-expr","locations":[{"start":{"line":302,"column":22},"end":{"line":302,"column":35}},{"start":{"line":302,"column":35},"end":{"line":302,"column":null}}],"line":302},"20":{"loc":{"start":{"line":319,"column":47},"end":{"line":319,"column":73}},"type":"binary-expr","locations":[{"start":{"line":319,"column":47},"end":{"line":319,"column":71}},{"start":{"line":319,"column":71},"end":{"line":319,"column":73}}],"line":319},"21":{"loc":{"start":{"line":322,"column":37},"end":{"line":322,"column":null}},"type":"binary-expr","locations":[{"start":{"line":322,"column":37},"end":{"line":322,"column":61}},{"start":{"line":322,"column":61},"end":{"line":322,"column":null}}],"line":322},"22":{"loc":{"start":{"line":330,"column":27},"end":{"line":330,"column":87}},"type":"cond-expr","locations":[{"start":{"line":330,"column":64},"end":{"line":330,"column":76}},{"start":{"line":330,"column":76},"end":{"line":330,"column":87}}],"line":330},"23":{"loc":{"start":{"line":345,"column":28},"end":{"line":345,"column":54}},"type":"binary-expr","locations":[{"start":{"line":345,"column":28},"end":{"line":345,"column":52}},{"start":{"line":345,"column":52},"end":{"line":345,"column":54}}],"line":345},"24":{"loc":{"start":{"line":356,"column":14},"end":{"line":370,"column":null}},"type":"if","locations":[{"start":{"line":356,"column":14},"end":{"line":370,"column":null}},{"start":{"line":368,"column":21},"end":{"line":370,"column":null}}],"line":356},"25":{"loc":{"start":{"line":359,"column":52},"end":{"line":359,"column":78}},"type":"binary-expr","locations":[{"start":{"line":359,"column":52},"end":{"line":359,"column":73}},{"start":{"line":359,"column":73},"end":{"line":359,"column":78}}],"line":359},"26":{"loc":{"start":{"line":363,"column":20},"end":{"line":363,"column":null}},"type":"cond-expr","locations":[{"start":{"line":363,"column":43},"end":{"line":363,"column":57}},{"start":{"line":363,"column":57},"end":{"line":363,"column":null}}],"line":363},"27":{"loc":{"start":{"line":373,"column":22},"end":{"line":373,"column":null}},"type":"binary-expr","locations":[{"start":{"line":373,"column":22},"end":{"line":373,"column":35}},{"start":{"line":373,"column":35},"end":{"line":373,"column":null}}],"line":373},"28":{"loc":{"start":{"line":390,"column":47},"end":{"line":390,"column":77}},"type":"binary-expr","locations":[{"start":{"line":390,"column":47},"end":{"line":390,"column":75}},{"start":{"line":390,"column":75},"end":{"line":390,"column":77}}],"line":390},"29":{"loc":{"start":{"line":393,"column":37},"end":{"line":393,"column":null}},"type":"binary-expr","locations":[{"start":{"line":393,"column":37},"end":{"line":393,"column":65}},{"start":{"line":393,"column":65},"end":{"line":393,"column":null}}],"line":393},"30":{"loc":{"start":{"line":401,"column":27},"end":{"line":401,"column":84}},"type":"cond-expr","locations":[{"start":{"line":401,"column":61},"end":{"line":401,"column":73}},{"start":{"line":401,"column":73},"end":{"line":401,"column":84}}],"line":401},"31":{"loc":{"start":{"line":416,"column":28},"end":{"line":416,"column":58}},"type":"binary-expr","locations":[{"start":{"line":416,"column":28},"end":{"line":416,"column":56}},{"start":{"line":416,"column":56},"end":{"line":416,"column":58}}],"line":416},"32":{"loc":{"start":{"line":427,"column":14},"end":{"line":441,"column":null}},"type":"if","locations":[{"start":{"line":427,"column":14},"end":{"line":441,"column":null}},{"start":{"line":439,"column":21},"end":{"line":441,"column":null}}],"line":427},"33":{"loc":{"start":{"line":430,"column":56},"end":{"line":430,"column":82}},"type":"binary-expr","locations":[{"start":{"line":430,"column":56},"end":{"line":430,"column":77}},{"start":{"line":430,"column":77},"end":{"line":430,"column":82}}],"line":430},"34":{"loc":{"start":{"line":434,"column":20},"end":{"line":434,"column":null}},"type":"cond-expr","locations":[{"start":{"line":434,"column":43},"end":{"line":434,"column":57}},{"start":{"line":434,"column":57},"end":{"line":434,"column":null}}],"line":434},"35":{"loc":{"start":{"line":444,"column":22},"end":{"line":444,"column":null}},"type":"binary-expr","locations":[{"start":{"line":444,"column":22},"end":{"line":444,"column":35}},{"start":{"line":444,"column":35},"end":{"line":444,"column":null}}],"line":444},"36":{"loc":{"start":{"line":461,"column":47},"end":{"line":461,"column":73}},"type":"binary-expr","locations":[{"start":{"line":461,"column":47},"end":{"line":461,"column":71}},{"start":{"line":461,"column":71},"end":{"line":461,"column":73}}],"line":461},"37":{"loc":{"start":{"line":464,"column":37},"end":{"line":464,"column":null}},"type":"binary-expr","locations":[{"start":{"line":464,"column":37},"end":{"line":464,"column":61}},{"start":{"line":464,"column":61},"end":{"line":464,"column":null}}],"line":464},"38":{"loc":{"start":{"line":472,"column":27},"end":{"line":472,"column":75}},"type":"cond-expr","locations":[{"start":{"line":472,"column":52},"end":{"line":472,"column":64}},{"start":{"line":472,"column":64},"end":{"line":472,"column":75}}],"line":472},"39":{"loc":{"start":{"line":488,"column":28},"end":{"line":488,"column":54}},"type":"binary-expr","locations":[{"start":{"line":488,"column":28},"end":{"line":488,"column":52}},{"start":{"line":488,"column":52},"end":{"line":488,"column":54}}],"line":488},"40":{"loc":{"start":{"line":500,"column":14},"end":{"line":514,"column":null}},"type":"if","locations":[{"start":{"line":500,"column":14},"end":{"line":514,"column":null}},{"start":{"line":512,"column":21},"end":{"line":514,"column":null}}],"line":500},"41":{"loc":{"start":{"line":503,"column":52},"end":{"line":503,"column":78}},"type":"binary-expr","locations":[{"start":{"line":503,"column":52},"end":{"line":503,"column":73}},{"start":{"line":503,"column":73},"end":{"line":503,"column":78}}],"line":503},"42":{"loc":{"start":{"line":507,"column":20},"end":{"line":507,"column":null}},"type":"cond-expr","locations":[{"start":{"line":507,"column":43},"end":{"line":507,"column":57}},{"start":{"line":507,"column":57},"end":{"line":507,"column":null}}],"line":507},"43":{"loc":{"start":{"line":517,"column":22},"end":{"line":517,"column":null}},"type":"binary-expr","locations":[{"start":{"line":517,"column":22},"end":{"line":517,"column":35}},{"start":{"line":517,"column":35},"end":{"line":517,"column":null}}],"line":517},"44":{"loc":{"start":{"line":550,"column":23},"end":{"line":550,"column":null}},"type":"cond-expr","locations":[{"start":{"line":550,"column":53},"end":{"line":550,"column":65}},{"start":{"line":550,"column":65},"end":{"line":550,"column":null}}],"line":550},"45":{"loc":{"start":{"line":560,"column":30},"end":{"line":560,"column":91}},"type":"cond-expr","locations":[{"start":{"line":560,"column":53},"end":{"line":560,"column":67}},{"start":{"line":560,"column":67},"end":{"line":560,"column":91}}],"line":560},"46":{"loc":{"start":{"line":549,"column":19},"end":{"line":549,"column":null}},"type":"binary-expr","locations":[{"start":{"line":549,"column":19},"end":{"line":549,"column":35}},{"start":{"line":549,"column":35},"end":{"line":549,"column":null}}],"line":549},"47":{"loc":{"start":{"line":612,"column":10},"end":{"line":631,"column":null}},"type":"if","locations":[{"start":{"line":612,"column":10},"end":{"line":631,"column":null}},{"start":{"line":620,"column":17},"end":{"line":631,"column":null}}],"line":612},"48":{"loc":{"start":{"line":613,"column":12},"end":{"line":619,"column":null}},"type":"if","locations":[{"start":{"line":613,"column":12},"end":{"line":619,"column":null}},{"start":{"line":615,"column":19},"end":{"line":619,"column":null}}],"line":613},"49":{"loc":{"start":{"line":615,"column":19},"end":{"line":619,"column":null}},"type":"if","locations":[{"start":{"line":615,"column":19},"end":{"line":619,"column":null}},{"start":{"line":617,"column":19},"end":{"line":619,"column":null}}],"line":615},"50":{"loc":{"start":{"line":617,"column":19},"end":{"line":619,"column":null}},"type":"if","locations":[{"start":{"line":617,"column":19},"end":{"line":619,"column":null}},{"start":{},"end":{}}],"line":617},"51":{"loc":{"start":{"line":624,"column":12},"end":{"line":630,"column":null}},"type":"if","locations":[{"start":{"line":624,"column":12},"end":{"line":630,"column":null}},{"start":{"line":626,"column":19},"end":{"line":630,"column":null}}],"line":624},"52":{"loc":{"start":{"line":626,"column":19},"end":{"line":630,"column":null}},"type":"if","locations":[{"start":{"line":626,"column":19},"end":{"line":630,"column":null}},{"start":{"line":628,"column":19},"end":{"line":630,"column":null}}],"line":626},"53":{"loc":{"start":{"line":628,"column":19},"end":{"line":630,"column":null}},"type":"if","locations":[{"start":{"line":628,"column":19},"end":{"line":630,"column":null}},{"start":{},"end":{}}],"line":628},"54":{"loc":{"start":{"line":633,"column":22},"end":{"line":633,"column":89}},"type":"cond-expr","locations":[{"start":{"line":633,"column":45},"end":{"line":633,"column":59}},{"start":{"line":633,"column":59},"end":{"line":633,"column":89}}],"line":633},"55":{"loc":{"start":{"line":639,"column":15},"end":{"line":639,"column":null}},"type":"cond-expr","locations":[{"start":{"line":639,"column":45},"end":{"line":639,"column":57}},{"start":{"line":639,"column":57},"end":{"line":639,"column":null}}],"line":639},"56":{"loc":{"start":{"line":639,"column":15},"end":{"line":639,"column":45}},"type":"binary-expr","locations":[{"start":{"line":639,"column":15},"end":{"line":639,"column":30}},{"start":{"line":639,"column":30},"end":{"line":639,"column":45}}],"line":639},"57":{"loc":{"start":{"line":642,"column":7},"end":{"line":642,"column":null}},"type":"cond-expr","locations":[{"start":{"line":642,"column":21},"end":{"line":642,"column":41}},{"start":{"line":642,"column":41},"end":{"line":642,"column":null}}],"line":642},"58":{"loc":{"start":{"line":663,"column":4},"end":{"line":663,"column":null}},"type":"if","locations":[{"start":{"line":663,"column":4},"end":{"line":663,"column":null}},{"start":{},"end":{}}],"line":663},"59":{"loc":{"start":{"line":666,"column":4},"end":{"line":669,"column":null}},"type":"if","locations":[{"start":{"line":666,"column":4},"end":{"line":669,"column":null}},{"start":{},"end":{}}],"line":666},"60":{"loc":{"start":{"line":688,"column":6},"end":{"line":690,"column":null}},"type":"if","locations":[{"start":{"line":688,"column":6},"end":{"line":690,"column":null}},{"start":{},"end":{}}],"line":688},"61":{"loc":{"start":{"line":700,"column":18},"end":{"line":700,"column":79}},"type":"cond-expr","locations":[{"start":{"line":700,"column":41},"end":{"line":700,"column":55}},{"start":{"line":700,"column":55},"end":{"line":700,"column":79}}],"line":700},"62":{"loc":{"start":{"line":705,"column":6},"end":{"line":707,"column":null}},"type":"if","locations":[{"start":{"line":705,"column":6},"end":{"line":707,"column":null}},{"start":{},"end":{}}],"line":705},"63":{"loc":{"start":{"line":718,"column":18},"end":{"line":718,"column":79}},"type":"cond-expr","locations":[{"start":{"line":718,"column":41},"end":{"line":718,"column":55}},{"start":{"line":718,"column":55},"end":{"line":718,"column":79}}],"line":718},"64":{"loc":{"start":{"line":724,"column":21},"end":{"line":724,"column":null}},"type":"binary-expr","locations":[{"start":{"line":724,"column":21},"end":{"line":724,"column":35}},{"start":{"line":724,"column":35},"end":{"line":724,"column":null}}],"line":724},"65":{"loc":{"start":{"line":731,"column":13},"end":{"line":731,"column":null}},"type":"cond-expr","locations":[{"start":{"line":731,"column":24},"end":{"line":731,"column":35}},{"start":{"line":731,"column":35},"end":{"line":731,"column":null}}],"line":731},"66":{"loc":{"start":{"line":737,"column":11},"end":{"line":746,"column":null}},"type":"binary-expr","locations":[{"start":{"line":737,"column":11},"end":{"line":737,"column":null}},{"start":{"line":738,"column":12},"end":{"line":746,"column":null}}],"line":737},"67":{"loc":{"start":{"line":766,"column":15},"end":{"line":766,"column":null}},"type":"cond-expr","locations":[{"start":{"line":766,"column":29},"end":{"line":766,"column":46}},{"start":{"line":766,"column":46},"end":{"line":766,"column":null}}],"line":766},"68":{"loc":{"start":{"line":766,"column":46},"end":{"line":766,"column":null}},"type":"cond-expr","locations":[{"start":{"line":766,"column":57},"end":{"line":766,"column":69}},{"start":{"line":766,"column":69},"end":{"line":766,"column":null}}],"line":766},"69":{"loc":{"start":{"line":769,"column":13},"end":{"line":779,"column":null}},"type":"binary-expr","locations":[{"start":{"line":769,"column":13},"end":{"line":769,"column":null}},{"start":{"line":770,"column":14},"end":{"line":779,"column":null}}],"line":769}},"s":{"0":25,"1":25,"2":9,"3":9,"4":25,"5":25,"6":25,"7":25,"8":6,"9":1,"10":1,"11":0,"12":0,"13":6,"14":4,"15":0,"16":4,"17":1,"18":1,"19":1,"20":1,"21":3,"22":3,"23":3,"24":3,"25":3,"26":3,"27":3,"28":1,"29":2,"30":3,"31":0,"32":30,"33":30,"34":10,"35":10,"36":10,"37":30,"38":30,"39":30,"40":30,"41":30,"42":30,"43":30,"44":6,"45":1,"46":1,"47":1,"48":1,"49":1,"50":5,"51":5,"52":5,"53":5,"54":5,"55":5,"56":5,"57":1,"58":4,"59":1,"60":3,"61":3,"62":3,"63":2,"64":5,"65":0,"66":41,"67":41,"68":41,"69":41,"70":41,"71":8,"72":6,"73":3,"74":3,"75":3,"76":3,"77":1,"78":2,"79":3,"80":3,"81":1,"82":1,"83":1,"84":1,"85":3,"86":3,"87":3,"88":3,"89":1,"90":2,"91":3,"92":0,"93":31,"94":31,"95":31,"96":31,"97":31,"98":31,"99":6,"100":1,"101":1,"102":5,"103":5,"104":5,"105":5,"106":2,"107":3,"108":5,"109":0,"110":26,"111":26,"112":26,"113":26,"114":26,"115":26,"116":5,"117":1,"118":1,"119":4,"120":4,"121":4,"122":4,"123":2,"124":2,"125":4,"126":0,"127":26,"128":26,"129":26,"130":26,"131":26,"132":26,"133":5,"134":1,"135":1,"136":1,"137":4,"138":4,"139":4,"140":4,"141":4,"142":2,"143":2,"144":4,"145":0,"146":15,"147":15,"148":15,"149":105,"150":3,"151":3,"152":3,"153":1,"154":2,"155":3,"156":315,"157":30,"158":30,"159":30,"160":8,"161":8,"162":8,"163":3,"164":1,"165":2,"166":1,"167":1,"168":1,"169":5,"170":5,"171":5,"172":1,"173":4,"174":1,"175":3,"176":3,"177":2,"178":8,"179":32,"180":32,"181":32,"182":32,"183":32,"184":32,"185":32,"186":6,"187":6,"188":1,"189":5,"190":1,"191":1,"192":4,"193":4,"194":4,"195":4,"196":4,"197":2,"198":2,"199":1,"200":1,"201":1,"202":1,"203":1,"204":2,"205":2,"206":3,"207":3,"208":3,"209":32,"210":3,"211":3,"212":3,"213":1,"214":1,"215":2,"216":3,"217":32,"218":32,"219":0},"f":{"0":25,"1":9,"2":6,"3":4,"4":0,"5":4,"6":1,"7":3,"8":30,"9":10,"10":30,"11":6,"12":1,"13":5,"14":41,"15":8,"16":6,"17":1,"18":3,"19":31,"20":6,"21":1,"22":5,"23":26,"24":5,"25":1,"26":4,"27":26,"28":5,"29":1,"30":4,"31":15,"32":105,"33":3,"34":315,"35":30,"36":8,"37":32,"38":6,"39":3,"40":0},"b":{"0":[1,5],"1":[6,1,0],"2":[0,1],"3":[1,0],"4":[3,0],"5":[1,1],"6":[25,22],"7":[5,0],"8":[1,4],"9":[1,3],"10":[3,0],"11":[1,1],"12":[30,25],"13":[3,3],"14":[6,4],"15":[1,1],"16":[1,2],"17":[3,0],"18":[1,1],"19":[41,35],"20":[31,22],"21":[31,22],"22":[1,30],"23":[1,0],"24":[5,0],"25":[5,1],"26":[1,2],"27":[31,26],"28":[26,17],"29":[26,17],"30":[2,24],"31":[1,0],"32":[4,0],"33":[4,1],"34":[1,1],"35":[26,22],"36":[26,17],"37":[26,17],"38":[2,24],"39":[1,0],"40":[4,0],"41":[4,1],"42":[1,1],"43":[26,22],"44":[15,90],"45":[1,1],"46":[105,15],"47":[3,5],"48":[1,2],"49":[1,1],"50":[1,0],"51":[1,4],"52":[1,3],"53":[3,0],"54":[1,1],"55":[14,16],"56":[30,15],"57":[11,19],"58":[1,5],"59":[1,4],"60":[1,1],"61":[1,1],"62":[3,0],"63":[1,1],"64":[32,27],"65":[15,17],"66":[32,19],"67":[7,25],"68":[11,14],"69":[32,15]},"meta":{"lastBranch":70,"lastFunction":41,"lastStatement":220,"seen":{"f:36:16:36:30":0,"s:37:36:37:Infinity":0,"s:38:32:41:Infinity":1,"f:38:32:38:47":1,"s:39:17:39:Infinity":2,"s:40:4:40:Infinity":3,"s:42:36:42:Infinity":4,"s:44:31:44:Infinity":5,"s:45:21:45:Infinity":6,"s:47:2:126:Infinity":7,"f:50:6:50:21":2,"b:54:8:66:Infinity:undefined:undefined:undefined:undefined":0,"s:54:8:66:Infinity":8,"b:55:10:55:Infinity:56:11:56:54:56:54:56:Infinity":1,"s:58:32:58:Infinity":9,"b:59:10:65:Infinity:undefined:undefined:undefined:undefined":2,"s:59:10:65:Infinity":10,"b:60:12:60:Infinity:61:13:61:Infinity":3,"s:63:12:63:Infinity":11,"s:64:12:64:Infinity":12,"s:67:8:67:Infinity":13,"f:81:10:81:21":3,"s:81:27:81:Infinity":14,"f:83:10:83:24":4,"s:83:30:83:Infinity":15,"f:84:10:84:20":5,"s:84:26:84:Infinity":16,"f:88:12:88:22":6,"s:89:14:89:Infinity":17,"s:90:27:90:Infinity":18,"s:91:14:91:Infinity":19,"s:92:14:92:Infinity":20,"f:101:21:101:28":7,"s:102:14:102:Infinity":21,"b:103:14:117:Infinity:115:21:117:Infinity":4,"s:103:14:117:Infinity":22,"s:104:16:104:Infinity":23,"s:105:16:114:Infinity":24,"s:106:34:106:Infinity":25,"s:107:37:107:Infinity":26,"s:108:18:108:Infinity":27,"s:109:18:109:Infinity":28,"s:111:18:111:Infinity":29,"b:111:53:111:67:111:67:111:94":5,"s:113:18:113:Infinity":30,"s:116:16:116:Infinity":31,"b:120:22:120:35:120:35:120:Infinity":6,"f:137:16:137:33":8,"s:143:36:143:Infinity":32,"s:144:40:148:Infinity":33,"f:144:40:144:55":9,"s:145:17:145:Infinity":34,"s:146:22:146:Infinity":35,"s:147:4:147:Infinity":36,"s:149:36:149:Infinity":37,"s:151:8:155:Infinity":38,"f:151:8:151:42":10,"s:152:17:152:Infinity":39,"s:153:22:153:Infinity":40,"s:154:4:154:Infinity":41,"s:156:21:156:Infinity":42,"s:158:2:224:Infinity":43,"f:172:10:172:21":11,"s:172:27:172:Infinity":44,"f:177:12:177:22":12,"s:178:14:178:Infinity":45,"s:179:27:179:Infinity":46,"s:180:32:180:Infinity":47,"s:181:14:181:Infinity":48,"s:182:14:182:Infinity":49,"f:191:21:191:28":13,"s:192:14:192:Infinity":50,"b:193:14:215:Infinity:213:21:215:Infinity":7,"s:193:14:215:Infinity":51,"s:194:16:194:Infinity":52,"s:195:16:212:Infinity":53,"s:196:34:196:Infinity":54,"s:197:37:197:Infinity":55,"b:199:18:205:Infinity:201:25:205:Infinity":8,"s:199:18:205:Infinity":56,"s:200:20:200:Infinity":57,"b:201:25:205:Infinity:203:25:205:Infinity":9,"s:201:25:205:Infinity":58,"s:202:20:202:Infinity":59,"b:203:25:205:Infinity:undefined:undefined:undefined:undefined":10,"s:203:25:205:Infinity":60,"s:204:20:204:Infinity":61,"s:207:18:207:Infinity":62,"s:209:18:209:Infinity":63,"b:209:53:209:67:209:67:209:97":11,"s:211:18:211:Infinity":64,"s:214:16:214:Infinity":65,"b:218:22:218:35:218:35:218:Infinity":12,"f:233:16:233:27":14,"s:234:36:234:Infinity":66,"s:235:32:235:Infinity":67,"s:236:36:236:Infinity":68,"s:238:21:238:Infinity":69,"s:240:2:308:Infinity":70,"f:252:10:252:21":15,"s:252:27:252:Infinity":71,"f:255:21:255:28":16,"b:256:12:270:Infinity:267:19:270:Infinity":13,"s:256:12:270:Infinity":72,"b:256:16:256:37:256:37:256:49":14,"s:257:14:257:Infinity":73,"s:258:14:258:Infinity":74,"s:259:14:266:Infinity":75,"s:260:16:260:Infinity":76,"s:261:16:261:Infinity":77,"s:263:16:263:Infinity":78,"b:263:51:263:65:263:65:263:88":15,"s:265:16:265:Infinity":79,"b:267:19:270:Infinity:undefined:undefined:undefined:undefined":16,"s:267:19:270:Infinity":80,"s:268:14:268:Infinity":81,"s:269:14:269:Infinity":82,"f:275:12:275:27":17,"s:276:14:276:Infinity":83,"s:277:14:277:Infinity":84,"f:286:21:286:33":18,"b:287:14:299:Infinity:297:21:299:Infinity":17,"s:287:14:299:Infinity":85,"s:288:16:288:Infinity":86,"s:289:16:296:Infinity":87,"s:290:18:290:Infinity":88,"s:291:18:291:Infinity":89,"s:293:18:293:Infinity":90,"b:293:53:293:67:293:67:293:90":18,"s:295:18:295:Infinity":91,"s:298:16:298:Infinity":92,"b:302:22:302:35:302:35:302:Infinity":19,"f:317:16:317:38":19,"s:318:36:318:Infinity":93,"s:319:38:319:Infinity":94,"b:319:47:319:71:319:71:319:73":20,"s:320:36:320:Infinity":95,"s:322:21:322:Infinity":96,"b:322:37:322:61:322:61:322:Infinity":21,"s:324:17:324:Infinity":97,"s:326:2:379:Infinity":98,"b:330:64:330:76:330:76:330:87":22,"f:338:10:338:21":20,"s:338:27:338:Infinity":99,"f:344:12:344:27":21,"s:345:14:345:Infinity":100,"b:345:28:345:52:345:52:345:54":23,"s:346:14:346:Infinity":101,"f:355:21:355:33":22,"b:356:14:370:Infinity:368:21:370:Infinity":24,"s:356:14:370:Infinity":102,"s:357:16:357:Infinity":103,"s:358:16:367:Infinity":104,"s:359:18:359:Infinity":105,"b:359:52:359:73:359:73:359:78":25,"s:360:18:360:Infinity":106,"s:362:18:364:Infinity":107,"b:363:43:363:57:363:57:363:Infinity":26,"s:366:18:366:Infinity":108,"s:369:16:369:Infinity":109,"b:373:22:373:35:373:35:373:Infinity":27,"f:388:16:388:42":23,"s:389:36:389:Infinity":110,"s:390:38:390:Infinity":111,"b:390:47:390:75:390:75:390:77":28,"s:391:36:391:Infinity":112,"s:393:21:393:Infinity":113,"b:393:37:393:65:393:65:393:Infinity":29,"s:395:17:395:Infinity":114,"s:397:2:450:Infinity":115,"b:401:61:401:73:401:73:401:84":30,"f:409:10:409:21":24,"s:409:27:409:Infinity":116,"f:415:12:415:27":25,"s:416:14:416:Infinity":117,"b:416:28:416:56:416:56:416:58":31,"s:417:14:417:Infinity":118,"f:426:21:426:33":26,"b:427:14:441:Infinity:439:21:441:Infinity":32,"s:427:14:441:Infinity":119,"s:428:16:428:Infinity":120,"s:429:16:438:Infinity":121,"s:430:18:430:Infinity":122,"b:430:56:430:77:430:77:430:82":33,"s:431:18:431:Infinity":123,"s:433:18:435:Infinity":124,"b:434:43:434:57:434:57:434:Infinity":34,"s:437:18:437:Infinity":125,"s:440:16:440:Infinity":126,"b:444:22:444:35:444:35:444:Infinity":35,"f:459:16:459:38":27,"s:460:36:460:Infinity":127,"s:461:38:461:Infinity":128,"b:461:47:461:71:461:71:461:73":36,"s:462:36:462:Infinity":129,"s:464:21:464:Infinity":130,"b:464:37:464:61:464:61:464:Infinity":37,"s:466:17:466:Infinity":131,"s:468:2:523:Infinity":132,"b:472:52:472:64:472:64:472:75":38,"f:480:10:480:21":28,"s:480:27:480:Infinity":133,"f:486:12:486:22":29,"s:487:14:487:Infinity":134,"s:488:14:488:Infinity":135,"b:488:28:488:52:488:52:488:54":39,"s:489:14:489:Infinity":136,"f:498:21:498:28":30,"s:499:14:499:Infinity":137,"b:500:14:514:Infinity:512:21:514:Infinity":40,"s:500:14:514:Infinity":138,"s:501:16:501:Infinity":139,"s:502:16:511:Infinity":140,"s:503:18:503:Infinity":141,"b:503:52:503:73:503:73:503:78":41,"s:504:18:504:Infinity":142,"s:506:18:508:Infinity":143,"b:507:43:507:57:507:57:507:Infinity":42,"s:510:18:510:Infinity":144,"s:513:16:513:Infinity":145,"b:517:22:517:35:517:35:517:Infinity":43,"f:532:16:532:30":31,"s:533:30:533:Infinity":146,"s:534:36:534:Infinity":147,"s:536:2:580:Infinity":148,"f:547:25:547:30":32,"s:548:12:576:Infinity":149,"b:550:53:550:65:550:65:550:Infinity":44,"f:554:23:554:35":33,"s:555:16:555:Infinity":150,"s:556:16:563:Infinity":151,"s:557:18:557:Infinity":152,"s:558:18:558:Infinity":153,"s:560:18:560:Infinity":154,"b:560:53:560:67:560:67:560:91":45,"s:562:18:562:Infinity":155,"f:567:31:567:36":34,"s:568:18:572:Infinity":156,"b:549:19:549:35:549:35:549:Infinity":46,"f:594:16:594:35":35,"s:603:36:603:Infinity":157,"s:605:22:605:Infinity":158,"s:607:2:643:Infinity":159,"f:609:15:609:27":36,"s:610:8:610:Infinity":160,"s:611:8:636:Infinity":161,"b:612:10:631:Infinity:620:17:631:Infinity":47,"s:612:10:631:Infinity":162,"b:613:12:619:Infinity:615:19:619:Infinity":48,"s:613:12:619:Infinity":163,"s:614:14:614:Infinity":164,"b:615:19:619:Infinity:617:19:619:Infinity":49,"s:615:19:619:Infinity":165,"s:616:14:616:Infinity":166,"b:617:19:619:Infinity:undefined:undefined:undefined:undefined":50,"s:617:19:619:Infinity":167,"s:618:14:618:Infinity":168,"s:621:24:621:Infinity":169,"s:622:31:622:Infinity":170,"b:624:12:630:Infinity:626:19:630:Infinity":51,"s:624:12:630:Infinity":171,"s:625:14:625:Infinity":172,"b:626:19:630:Infinity:628:19:630:Infinity":52,"s:626:19:630:Infinity":173,"s:627:14:627:Infinity":174,"b:628:19:630:Infinity:undefined:undefined:undefined:undefined":53,"s:628:19:630:Infinity":175,"s:629:14:629:Infinity":176,"s:633:10:633:Infinity":177,"b:633:45:633:59:633:59:633:89":54,"s:635:10:635:Infinity":178,"b:639:45:639:57:639:57:639:Infinity":55,"b:639:15:639:30:639:30:639:45":56,"b:642:21:642:41:642:41:642:Infinity":57,"f:652:16:652:30":37,"s:653:30:653:Infinity":179,"s:654:40:654:Infinity":180,"s:655:38:655:Infinity":181,"s:656:23:656:Infinity":182,"s:658:28:658:Infinity":183,"s:659:22:659:Infinity":184,"s:661:27:709:Infinity":185,"f:661:27:661:34":38,"s:662:17:662:Infinity":186,"b:663:4:663:Infinity:undefined:undefined:undefined:undefined":58,"s:663:4:663:Infinity":187,"s:663:15:663:Infinity":188,"b:666:4:669:Infinity:undefined:undefined:undefined:undefined":59,"s:666:4:669:Infinity":189,"s:667:6:667:Infinity":190,"s:668:6:668:Infinity":191,"s:671:4:671:Infinity":192,"s:674:22:674:Infinity":193,"s:675:4:675:Infinity":194,"s:677:4:708:Infinity":195,"s:679:24:679:Infinity":196,"s:682:23:686:Infinity":197,"b:688:6:690:Infinity:undefined:undefined:undefined:undefined":60,"s:688:6:690:Infinity":198,"s:689:8:689:Infinity":199,"s:692:28:692:Infinity":200,"s:695:6:695:Infinity":201,"s:697:6:697:Infinity":202,"s:698:6:698:Infinity":203,"s:700:6:700:Infinity":204,"b:700:41:700:55:700:55:700:79":61,"s:701:6:701:Infinity":205,"s:703:6:703:Infinity":206,"b:705:6:707:Infinity:undefined:undefined:undefined:undefined":62,"s:705:6:707:Infinity":207,"s:706:8:706:Infinity":208,"s:711:28:722:Infinity":209,"f:711:28:711:40":39,"s:712:4:712:Infinity":210,"s:713:4:721:Infinity":211,"s:714:6:714:Infinity":212,"s:715:6:715:Infinity":213,"s:716:6:716:Infinity":214,"s:718:6:718:Infinity":215,"b:718:41:718:55:718:55:718:79":63,"s:720:6:720:Infinity":216,"s:724:21:724:Infinity":217,"b:724:21:724:35:724:35:724:Infinity":64,"s:726:2:786:Infinity":218,"b:731:24:731:35:731:35:731:Infinity":65,"b:737:11:737:Infinity:738:12:746:Infinity":66,"f:759:14:759:29":40,"s:759:29:759:Infinity":219,"b:766:29:766:46:766:46:766:Infinity":67,"b:766:57:766:69:766:69:766:Infinity":68,"b:769:13:769:Infinity:770:14:779:Infinity":69},"fnNames":{}}}
,"/workspace/apps/web/src/components/baby/encouragements.tsx": {"path":"/workspace/apps/web/src/components/baby/encouragements.tsx","statementMap":{"0":{"start":{"line":38,"column":24},"end":{"line":38,"column":null}},"1":{"start":{"line":39,"column":18},"end":{"line":39,"column":null}},"2":{"start":{"line":40,"column":23},"end":{"line":40,"column":null}},"3":{"start":{"line":41,"column":25},"end":{"line":41,"column":null}},"4":{"start":{"line":42,"column":31},"end":{"line":42,"column":null}},"5":{"start":{"line":46,"column":2},"end":{"line":46,"column":null}},"6":{"start":{"line":46,"column":37},"end":{"line":46,"column":null}},"7":{"start":{"line":47,"column":18},"end":{"line":47,"column":null}},"8":{"start":{"line":48,"column":2},"end":{"line":51,"column":null}},"9":{"start":{"line":49,"column":4},"end":{"line":49,"column":null}},"10":{"start":{"line":50,"column":4},"end":{"line":50,"column":null}},"11":{"start":{"line":52,"column":2},"end":{"line":52,"column":null}},"12":{"start":{"line":55,"column":28},"end":{"line":61,"column":null}},"13":{"start":{"line":64,"column":30},"end":{"line":64,"column":null}},"14":{"start":{"line":66,"column":15},"end":{"line":72,"column":null}},"15":{"start":{"line":75,"column":2},"end":{"line":81,"column":null}},"16":{"start":{"line":76,"column":4},"end":{"line":76,"column":null}},"17":{"start":{"line":76,"column":39},"end":{"line":76,"column":null}},"18":{"start":{"line":77,"column":22},"end":{"line":77,"column":null}},"19":{"start":{"line":78,"column":4},"end":{"line":80,"column":null}},"20":{"start":{"line":79,"column":6},"end":{"line":79,"column":null}},"21":{"start":{"line":83,"column":2},"end":{"line":165,"column":null}},"22":{"start":{"line":98,"column":29},"end":{"line":98,"column":null}},"23":{"start":{"line":100,"column":10},"end":{"line":100,"column":null}},"24":{"start":{"line":102,"column":26},"end":{"line":115,"column":null}},"25":{"start":{"line":111,"column":12},"end":{"line":113,"column":null}},"26":{"start":{"line":112,"column":14},"end":{"line":112,"column":null}},"27":{"start":{"line":112,"column":45},"end":{"line":112,"column":70}},"28":{"start":{"line":114,"column":12},"end":{"line":114,"column":null}},"29":{"start":{"line":117,"column":10},"end":{"line":121,"column":null}},"30":{"start":{"line":120,"column":29},"end":{"line":120,"column":null}},"31":{"start":{"line":122,"column":10},"end":{"line":122,"column":null}},"32":{"start":{"line":123,"column":10},"end":{"line":123,"column":null}},"33":{"start":{"line":131,"column":14},"end":{"line":137,"column":null}},"34":{"start":{"line":145,"column":14},"end":{"line":155,"column":null}},"35":{"start":{"line":175,"column":14},"end":{"line":175,"column":null}},"36":{"start":{"line":176,"column":24},"end":{"line":176,"column":null}},"37":{"start":{"line":178,"column":14},"end":{"line":178,"column":null}},"38":{"start":{"line":180,"column":20},"end":{"line":187,"column":null}},"39":{"start":{"line":189,"column":2},"end":{"line":194,"column":null}},"40":{"start":{"line":190,"column":21},"end":{"line":190,"column":null}},"41":{"start":{"line":191,"column":4},"end":{"line":193,"column":null}},"42":{"start":{"line":192,"column":6},"end":{"line":192,"column":null}},"43":{"start":{"line":196,"column":2},"end":{"line":196,"column":null}},"44":{"start":{"line":200,"column":2},"end":{"line":200,"column":null}},"45":{"start":{"line":218,"column":36},"end":{"line":218,"column":null}},"46":{"start":{"line":219,"column":40},"end":{"line":219,"column":null}},"47":{"start":{"line":220,"column":34},"end":{"line":220,"column":null}},"48":{"start":{"line":222,"column":20},"end":{"line":222,"column":null}},"49":{"start":{"line":223,"column":18},"end":{"line":223,"column":null}},"50":{"start":{"line":224,"column":20},"end":{"line":224,"column":null}},"51":{"start":{"line":226,"column":21},"end":{"line":238,"column":null}},"52":{"start":{"line":227,"column":4},"end":{"line":230,"column":null}},"53":{"start":{"line":228,"column":6},"end":{"line":228,"column":null}},"54":{"start":{"line":229,"column":6},"end":{"line":229,"column":null}},"55":{"start":{"line":231,"column":4},"end":{"line":231,"column":null}},"56":{"start":{"line":232,"column":4},"end":{"line":237,"column":null}},"57":{"start":{"line":233,"column":6},"end":{"line":233,"column":null}},"58":{"start":{"line":234,"column":6},"end":{"line":234,"column":null}},"59":{"start":{"line":236,"column":6},"end":{"line":236,"column":null}},"60":{"start":{"line":240,"column":8},"end":{"line":243,"column":null}},"61":{"start":{"line":241,"column":4},"end":{"line":241,"column":null}},"62":{"start":{"line":242,"column":4},"end":{"line":242,"column":null}},"63":{"start":{"line":245,"column":2},"end":{"line":333,"column":null}},"64":{"start":{"line":263,"column":33},"end":{"line":263,"column":null}},"65":{"start":{"line":292,"column":31},"end":{"line":292,"column":null}},"66":{"start":{"line":318,"column":24},"end":{"line":321,"column":null}},"67":{"start":{"line":338,"column":40},"end":{"line":342,"column":null}},"68":{"start":{"line":343,"column":30},"end":{"line":343,"column":null}},"69":{"start":{"line":344,"column":30},"end":{"line":344,"column":null}},"70":{"start":{"line":345,"column":22},"end":{"line":345,"column":null}},"71":{"start":{"line":346,"column":50},"end":{"line":346,"column":null}},"72":{"start":{"line":349,"column":2},"end":{"line":351,"column":null}},"73":{"start":{"line":350,"column":4},"end":{"line":350,"column":null}},"74":{"start":{"line":354,"column":2},"end":{"line":376,"column":null}},"75":{"start":{"line":355,"column":4},"end":{"line":355,"column":null}},"76":{"start":{"line":355,"column":34},"end":{"line":355,"column":null}},"77":{"start":{"line":357,"column":21},"end":{"line":364,"column":null}},"78":{"start":{"line":359,"column":8},"end":{"line":361,"column":null}},"79":{"start":{"line":360,"column":10},"end":{"line":360,"column":null}},"80":{"start":{"line":366,"column":23},"end":{"line":366,"column":null}},"81":{"start":{"line":367,"column":4},"end":{"line":369,"column":null}},"82":{"start":{"line":368,"column":6},"end":{"line":368,"column":null}},"83":{"start":{"line":371,"column":4},"end":{"line":375,"column":null}},"84":{"start":{"line":372,"column":6},"end":{"line":374,"column":null}},"85":{"start":{"line":373,"column":8},"end":{"line":373,"column":null}},"86":{"start":{"line":378,"column":23},"end":{"line":385,"column":null}},"87":{"start":{"line":379,"column":4},"end":{"line":384,"column":null}},"88":{"start":{"line":380,"column":6},"end":{"line":380,"column":null}},"89":{"start":{"line":381,"column":6},"end":{"line":381,"column":null}},"90":{"start":{"line":383,"column":6},"end":{"line":383,"column":null}},"91":{"start":{"line":387,"column":23},"end":{"line":399,"column":null}},"92":{"start":{"line":392,"column":4},"end":{"line":398,"column":null}},"93":{"start":{"line":393,"column":6},"end":{"line":393,"column":null}},"94":{"start":{"line":394,"column":6},"end":{"line":394,"column":null}},"95":{"start":{"line":396,"column":6},"end":{"line":396,"column":null}},"96":{"start":{"line":397,"column":6},"end":{"line":397,"column":null}},"97":{"start":{"line":401,"column":2},"end":{"line":408,"column":null}},"98":{"start":{"line":402,"column":4},"end":{"line":406,"column":null}},"99":{"start":{"line":410,"column":2},"end":{"line":420,"column":null}},"100":{"start":{"line":411,"column":4},"end":{"line":418,"column":null}},"101":{"start":{"line":422,"column":2},"end":{"line":450,"column":null}},"102":{"start":{"line":431,"column":10},"end":{"line":438,"column":null}}},"fnMap":{"0":{"name":"getVisitorId","decl":{"start":{"line":45,"column":9},"end":{"line":45,"column":32}},"loc":{"start":{"line":45,"column":32},"end":{"line":53,"column":null}},"line":45},"1":{"name":"EncouragementForm","decl":{"start":{"line":63,"column":16},"end":{"line":63,"column":34}},"loc":{"start":{"line":63,"column":65},"end":{"line":167,"column":null}},"line":63},"2":{"name":"(anonymous_2)","decl":{"start":{"line":75,"column":2},"end":{"line":75,"column":18}},"loc":{"start":{"line":75,"column":18},"end":{"line":81,"column":5}},"line":75},"3":{"name":"(anonymous_3)","decl":{"start":{"line":97,"column":22},"end":{"line":97,"column":29}},"loc":{"start":{"line":97,"column":40},"end":{"line":124,"column":null}},"line":97},"4":{"name":"(anonymous_4)","decl":{"start":{"line":110,"column":18},"end":{"line":110,"column":25}},"loc":{"start":{"line":110,"column":32},"end":{"line":115,"column":11}},"line":110},"5":{"name":"(anonymous_5)","decl":{"start":{"line":112,"column":24},"end":{"line":112,"column":33}},"loc":{"start":{"line":112,"column":45},"end":{"line":112,"column":70}},"line":112},"6":{"name":"(anonymous_6)","decl":{"start":{"line":120,"column":12},"end":{"line":120,"column":20}},"loc":{"start":{"line":120,"column":29},"end":{"line":120,"column":null}},"line":120},"7":{"name":"(anonymous_7)","decl":{"start":{"line":130,"column":12},"end":{"line":130,"column":21}},"loc":{"start":{"line":131,"column":14},"end":{"line":137,"column":null}},"line":131},"8":{"name":"(anonymous_8)","decl":{"start":{"line":144,"column":12},"end":{"line":144,"column":21}},"loc":{"start":{"line":145,"column":14},"end":{"line":155,"column":null}},"line":145},"9":{"name":"getRelativeTimeFromTimestamp","decl":{"start":{"line":174,"column":9},"end":{"line":174,"column":38}},"loc":{"start":{"line":174,"column":65},"end":{"line":197,"column":null}},"line":174},"10":{"name":"isWithinEditWindow","decl":{"start":{"line":199,"column":9},"end":{"line":199,"column":28}},"loc":{"start":{"line":199,"column":56},"end":{"line":201,"column":null}},"line":199},"11":{"name":"EncouragementItem","decl":{"start":{"line":217,"column":9},"end":{"line":217,"column":27}},"loc":{"start":{"line":217,"column":58},"end":{"line":335,"column":null}},"line":217},"12":{"name":"(anonymous_12)","decl":{"start":{"line":226,"column":21},"end":{"line":226,"column":33}},"loc":{"start":{"line":226,"column":33},"end":{"line":238,"column":null}},"line":226},"13":{"name":"(anonymous_13)","decl":{"start":{"line":240,"column":8},"end":{"line":240,"column":29}},"loc":{"start":{"line":240,"column":29},"end":{"line":243,"column":null}},"line":240},"14":{"name":"(anonymous_14)","decl":{"start":{"line":263,"column":16},"end":{"line":263,"column":27}},"loc":{"start":{"line":263,"column":33},"end":{"line":263,"column":null}},"line":263},"15":{"name":"(anonymous_15)","decl":{"start":{"line":292,"column":16},"end":{"line":292,"column":31}},"loc":{"start":{"line":292,"column":31},"end":{"line":292,"column":null}},"line":292},"16":{"name":"(anonymous_16)","decl":{"start":{"line":317,"column":22},"end":{"line":317,"column":null}},"loc":{"start":{"line":318,"column":24},"end":{"line":321,"column":null}},"line":318},"17":{"name":"EncouragementsFeed","decl":{"start":{"line":337,"column":16},"end":{"line":337,"column":35}},"loc":{"start":{"line":337,"column":67},"end":{"line":452,"column":null}},"line":337},"18":{"name":"(anonymous_18)","decl":{"start":{"line":349,"column":2},"end":{"line":349,"column":18}},"loc":{"start":{"line":349,"column":18},"end":{"line":351,"column":5}},"line":349},"19":{"name":"(anonymous_19)","decl":{"start":{"line":354,"column":2},"end":{"line":354,"column":18}},"loc":{"start":{"line":354,"column":18},"end":{"line":376,"column":5}},"line":354},"20":{"name":"(anonymous_20)","decl":{"start":{"line":357,"column":25},"end":{"line":357,"column":null}},"loc":{"start":{"line":358,"column":19},"end":{"line":362,"column":null}},"line":358},"21":{"name":"(anonymous_21)","decl":{"start":{"line":371,"column":4},"end":{"line":371,"column":17}},"loc":{"start":{"line":371,"column":17},"end":{"line":375,"column":null}},"line":371},"22":{"name":"(anonymous_22)","decl":{"start":{"line":378,"column":23},"end":{"line":378,"column":30}},"loc":{"start":{"line":378,"column":92},"end":{"line":385,"column":null}},"line":378},"23":{"name":"(anonymous_23)","decl":{"start":{"line":387,"column":23},"end":{"line":387,"column":null}},"loc":{"start":{"line":391,"column":7},"end":{"line":399,"column":null}},"line":391},"24":{"name":"(anonymous_24)","decl":{"start":{"line":430,"column":17},"end":{"line":430,"column":22}},"loc":{"start":{"line":431,"column":10},"end":{"line":438,"column":null}},"line":431}},"branchMap":{"0":{"loc":{"start":{"line":46,"column":2},"end":{"line":46,"column":null}},"type":"if","locations":[{"start":{"line":46,"column":2},"end":{"line":46,"column":null}},{"start":{},"end":{}}],"line":46},"1":{"loc":{"start":{"line":48,"column":2},"end":{"line":51,"column":null}},"type":"if","locations":[{"start":{"line":48,"column":2},"end":{"line":51,"column":null}},{"start":{},"end":{}}],"line":48},"2":{"loc":{"start":{"line":76,"column":4},"end":{"line":76,"column":null}},"type":"if","locations":[{"start":{"line":76,"column":4},"end":{"line":76,"column":null}},{"start":{},"end":{}}],"line":76},"3":{"loc":{"start":{"line":78,"column":4},"end":{"line":80,"column":null}},"type":"if","locations":[{"start":{"line":78,"column":4},"end":{"line":80,"column":null}},{"start":{},"end":{}}],"line":78},"4":{"loc":{"start":{"line":107,"column":23},"end":{"line":107,"column":null}},"type":"cond-expr","locations":[{"start":{"line":107,"column":58},"end":{"line":107,"column":80}},{"start":{"line":107,"column":80},"end":{"line":107,"column":null}}],"line":107},"5":{"loc":{"start":{"line":108,"column":20},"end":{"line":108,"column":null}},"type":"cond-expr","locations":[{"start":{"line":108,"column":55},"end":{"line":108,"column":76}},{"start":{"line":108,"column":76},"end":{"line":108,"column":null}}],"line":108},"6":{"loc":{"start":{"line":111,"column":12},"end":{"line":113,"column":null}},"type":"if","locations":[{"start":{"line":111,"column":12},"end":{"line":113,"column":null}},{"start":{},"end":{}}],"line":111},"7":{"loc":{"start":{"line":120,"column":29},"end":{"line":120,"column":null}},"type":"cond-expr","locations":[{"start":{"line":120,"column":52},"end":{"line":120,"column":66}},{"start":{"line":120,"column":66},"end":{"line":120,"column":null}}],"line":120},"8":{"loc":{"start":{"line":161,"column":13},"end":{"line":161,"column":null}},"type":"cond-expr","locations":[{"start":{"line":161,"column":43},"end":{"line":161,"column":58}},{"start":{"line":161,"column":58},"end":{"line":161,"column":null}}],"line":161},"9":{"loc":{"start":{"line":191,"column":4},"end":{"line":193,"column":null}},"type":"if","locations":[{"start":{"line":191,"column":4},"end":{"line":193,"column":null}},{"start":{},"end":{}}],"line":191},"10":{"loc":{"start":{"line":192,"column":24},"end":{"line":192,"column":66}},"type":"cond-expr","locations":[{"start":{"line":192,"column":44},"end":{"line":192,"column":55}},{"start":{"line":192,"column":55},"end":{"line":192,"column":66}}],"line":192},"11":{"loc":{"start":{"line":223,"column":18},"end":{"line":223,"column":null}},"type":"binary-expr","locations":[{"start":{"line":223,"column":18},"end":{"line":223,"column":31}},{"start":{"line":223,"column":31},"end":{"line":223,"column":null}}],"line":223},"12":{"loc":{"start":{"line":224,"column":20},"end":{"line":224,"column":null}},"type":"binary-expr","locations":[{"start":{"line":224,"column":20},"end":{"line":224,"column":37}},{"start":{"line":224,"column":37},"end":{"line":224,"column":null}}],"line":224},"13":{"loc":{"start":{"line":227,"column":4},"end":{"line":230,"column":null}},"type":"if","locations":[{"start":{"line":227,"column":4},"end":{"line":230,"column":null}},{"start":{},"end":{}}],"line":227},"14":{"loc":{"start":{"line":256,"column":13},"end":{"line":256,"column":null}},"type":"binary-expr","locations":[{"start":{"line":256,"column":13},"end":{"line":256,"column":26}},{"start":{"line":256,"column":26},"end":{"line":256,"column":null}}],"line":256},"15":{"loc":{"start":{"line":259,"column":11},"end":{"line":283,"column":null}},"type":"cond-expr","locations":[{"start":{"line":260,"column":12},"end":{"line":279,"column":13}},{"start":{"line":279,"column":12},"end":{"line":283,"column":null}}],"line":259},"16":{"loc":{"start":{"line":270,"column":19},"end":{"line":270,"column":null}},"type":"cond-expr","locations":[{"start":{"line":270,"column":30},"end":{"line":270,"column":44}},{"start":{"line":270,"column":44},"end":{"line":270,"column":null}}],"line":270},"17":{"loc":{"start":{"line":285,"column":9},"end":{"line":332,"column":null}},"type":"binary-expr","locations":[{"start":{"line":285,"column":9},"end":{"line":285,"column":24}},{"start":{"line":285,"column":24},"end":{"line":285,"column":35}},{"start":{"line":285,"column":35},"end":{"line":285,"column":null}},{"start":{"line":286,"column":10},"end":{"line":332,"column":null}}],"line":285},"18":{"loc":{"start":{"line":287,"column":13},"end":{"line":297,"column":null}},"type":"binary-expr","locations":[{"start
[...]
9}},"type":"binary-expr","locations":[{"start":{"line":138,"column":8},"end":{"line":138,"column":20}},{"start":{"line":138,"column":20},"end":{"line":138,"column":39}}],"line":138}},"s":{"0":1,"1":1,"2":5,"3":1,"4":13,"5":13,"6":1,"7":12,"8":1,"9":11,"10":11,"11":1,"12":10,"13":1,"14":9,"15":9,"16":1,"17":8,"18":8,"19":1,"20":5,"21":5,"22":1,"23":4,"24":1,"25":3,"26":1,"27":2,"28":2,"29":1,"30":1,"31":1,"32":4,"33":4,"34":1,"35":6,"36":6,"37":1,"38":5,"39":5,"40":1,"41":4,"42":4,"43":6,"44":6,"45":2,"46":2},"f":{"0":5,"1":13,"2":5,"3":4,"4":4,"5":6},"b":{"0":[1,12],"1":[1,11],"2":[1,10],"3":[1,9],"4":[1,8],"5":[1,4],"6":[1,3],"7":[1,2],"8":[1,1],"9":[1,5],"10":[1,4],"11":[4,1],"12":[6,3,2],"13":[2,4],"14":[6,3]},"meta":{"lastBranch":15,"lastFunction":6,"lastStatement":47,"seen":{"s:5:24:5:Infinity":0,"s:6:23:6:Infinity":1,"f:8:9:8:28":0,"s:9:2:9:Infinity":2,"s:12:22:62:Infinity":3,"f:22:11:22:18":1,"s:24:17:24:Infinity":4,"b:25:4:27:Infinity:undefined:undefined:undefined:undefined":0,"s:25:4:27:Infinity":5,"s:26:6:26:Infinity":6,"b:30:4:32:Infinity:undefined:undefined:undefined:undefined":1,"s:30:4:32:Infinity":7,"s:31:6:31:Infinity":8,"s:35:24:35:Infinity":9,"b:36:4:38:Infinity:undefined:undefined:undefined:undefined":2,"s:36:4:38:Infinity":10,"s:37:6:37:Infinity":11,"b:39:4:41:Infinity:undefined:undefined:undefined:undefined":3,"s:39:4:41:Infinity":12,"s:40:6:40:Infinity":13,"s:44:27:44:Infinity":14,"b:45:4:47:Infinity:undefined:undefined:undefined:undefined":4,"s:45:4:47:Infinity":15,"s:46:6:46:Infinity":16,"s:49:28:58:Infinity":17,"s:60:4:60:Infinity":18,"s:64:22:96:Infinity":19,"f:70:11:70:18":2,"s:71:26:71:Infinity":20,"b:72:4:74:Infinity:undefined:undefined:undefined:undefined":5,"s:72:4:74:Infinity":21,"s:73:6:73:Infinity":22,"b:77:4:79:Infinity:undefined:undefined:undefined:undefined":6,"s:77:4:79:Infinity":23,"s:78:6:78:Infinity":24,"b:82:4:84:Infinity:undefined:undefined:undefined:undefined":7,"s:82:4:84:Infinity":25,"s:83:6:83:Infinity":26,"s:87:27:87:Infinity":27,"b:88:4:90:Infinity:undefined:undefined:undefined:undefined":8,"s:88:4:90:Infinity":28,"s:89:6:89:Infinity":29,"s:92:4:94:Infinity":30,"s:98:26:110:Infinity":31,"f:103:11:103:18":3,"s:104:4:108:Infinity":32,"f:106:17:106:31":4,"s:106:37:106:64":33,"s:112:22:144:Infinity":34,"f:117:11:117:18":5,"s:118:26:118:Infinity":35,"b:119:4:121:Infinity:undefined:undefined:undefined:undefined":9,"s:119:4:121:Infinity":36,"s:120:6:120:Infinity":37,"s:123:17:123:Infinity":38,"b:124:4:126:Infinity:undefined:undefined:undefined:undefined":10,"s:124:4:126:Infinity":39,"s:125:6:125:Infinity":40,"s:129:21:129:Infinity":41,"s:130:20:130:Infinity":42,"b:130:20:130:32:130:32:130:Infinity":11,"s:134:6:136:Infinity":43,"b:134:6:134:Infinity:135:6:135:Infinity:136:6:136:Infinity":12,"b:138:4:140:Infinity:undefined:undefined:undefined:undefined":13,"s:138:4:140:Infinity":44,"b:138:8:138:20:138:20:138:39":14,"s:139:6:139:Infinity":45,"s:142:4:142:Infinity":46},"fnNames":{}}}
,"/workspace/packages/convex/convex/pushNotifications.ts": {"path":"/workspace/packages/convex/convex/pushNotifications.ts","statementMap":{"0":{"start":{"line":1,"column":0},"end":{"line":1,"column":null}},"1":{"start":{"line":25,"column":2},"end":{"line":29,"column":null}},"2":{"start":{"line":30,"column":2},"end":{"line":54,"column":null}},"3":{"start":{"line":31,"column":29},"end":{"line":37,"column":null}},"4":{"start":{"line":39,"column":4},"end":{"line":39,"column":null}},"5":{"start":{"line":40,"column":4},"end":{"line":40,"column":null}},"6":{"start":{"line":43,"column":4},"end":{"line":51,"column":null}},"7":{"start":{"line":45,"column":6},"end":{"line":50,"column":null}},"8":{"start":{"line":47,"column":8},"end":{"line":49,"column":null}},"9":{"start":{"line":52,"column":4},"end":{"line":52,"column":null}},"10":{"start":{"line":53,"column":4},"end":{"line":53,"column":null}},"11":{"start":{"line":57,"column":32},"end":{"line":134,"column":null}},"12":{"start":{"line":73,"column":26},"end":{"line":75,"column":null}},"13":{"start":{"line":81,"column":4},"end":{"line":98,"column":null}},"14":{"start":{"line":83,"column":8},"end":{"line":83,"column":null}},"15":{"start":{"line":84,"column":8},"end":{"line":84,"column":null}},"16":{"start":{"line":85,"column":8},"end":{"line":85,"column":null}},"17":{"start":{"line":87,"column":8},"end":{"line":87,"column":null}},"18":{"start":{"line":88,"column":8},"end":{"line":88,"column":null}},"19":{"start":{"line":89,"column":8},"end":{"line":89,"column":null}},"20":{"start":{"line":91,"column":8},"end":{"line":91,"column":null}},"21":{"start":{"line":92,"column":8},"end":{"line":92,"column":null}},"22":{"start":{"line":93,"column":8},"end":{"line":93,"column":null}},"23":{"start":{"line":95,"column":8},"end":{"line":95,"column":null}},"24":{"start":{"line":96,"column":8},"end":{"line":96,"column":null}},"25":{"start":{"line":97,"column":8},"end":{"line":97,"column":null}},"26":{"start":{"line":100,"column":16},"end":{"line":100,"column":null}},"27":{"start":{"line":103,"column":20},"end":{"line":122,"column":null}},"28":{"start":{"line":105,"column":8},"end":{"line":120,"column":null}},"29":{"start":{"line":124,"column":25},"end":{"line":124,"column":null}},"30":{"start":{"line":124,"column":47},"end":{"line":124,"column":91}},"31":{"start":{"line":125,"column":25},"end":{"line":125,"column":null}},"32":{"start":{"line":127,"column":4},"end":{"line":127,"column":null}},"33":{"start":{"line":130,"column":4},"end":{"line":132,"column":null}}},"fnMap":{"0":{"name":"sendNotificationToSubscription","decl":{"start":{"line":10,"column":15},"end":{"line":10,"column":null}},"loc":{"start":{"line":24,"column":20},"end":{"line":55,"column":null}},"line":24},"1":{"name":"(anonymous_1)","decl":{"start":{"line":71,"column":11},"end":{"line":71,"column":18}},"loc":{"start":{"line":71,"column":32},"end":{"line":133,"column":null}},"line":71},"2":{"name":"(anonymous_2)","decl":{"start":{"line":104,"column":20},"end":{"line":104,"column":25}},"loc":{"start":{"line":105,"column":8},"end":{"line":120,"column":null}},"line":105},"3":{"name":"(anonymous_3)","decl":{"start":{"line":124,"column":33},"end":{"line":124,"column":41}},"loc":{"start":{"line":124,"column":47},"end":{"line":124,"column":91}},"line":124}},"branchMap":{"0":{"loc":{"start":{"line":43,"column":4},"end":{"line":51,"column":null}},"type":"if","locations":[{"start":{"line":43,"column":4},"end":{"line":51,"column":null}},{"start":{},"end":{}}],"line":43},"1":{"loc":{"start":{"line":45,"column":6},"end":{"line":50,"column":null}},"type":"if","locations":[{"start":{"line":45,"column":6},"end":{"line":50,"column":null}},{"start":{},"end":{}}],"line":45},"2":{"loc":{"start":{"line":45,"column":10},"end":{"line":45,"column":91}},"type":"binary-expr","locations":[{"start":{"line":45,"column":10},"end":{"line":45,"column":36}},{"start":{"line":45,"column":36},"end":{"line":45,"column":64}},{"start":{"line":45,"column":64},"end":{"line":45,"column":91}}],"line":45},"3":{"loc":{"start":{"line":81,"column":4},"end":{"line":98,"column":null}},"type":"switch","locations":[{"start":{"line":82,"column":6},"end":{"line":85,"column":null}},{"start":{"line":86,"column":6},"end":{"line":89,"column":null}},{"start":{"line":90,"column":6},"end":{"line":93,"column":null}},{"start":{"line":94,"column":6},"end":{"line":97,"column":null}}],"line":81},"4":{"loc":{"start":{"line":88,"column":15},"end":{"line":88,"column":null}},"type":"binary-expr","locations":[{"start":{"line":88,"column":15},"end":{"line":88,"column":37}},{"start":{"line":88,"column":37},"end":{"line":88,"column":null}}],"line":88},"5":{"loc":{"start":{"line":92,"column":15},"end":{"line":92,"column":null}},"type":"binary-expr","locations":[{"start":{"line":92,"column":15},"end":{"line":92,"column":37}},{"start":{"line":92,"column":37},"end":{"line":92,"column":null}}],"line":92},"6":{"loc":{"start":{"line":124,"column":47},"end":{"line":124,"column":91}},"type":"binary-expr","locations":[{"start":{"line":124,"column":47},"end":{"line":124,"column":75}},{"start":{"line":124,"column":75},"end":{"line":124,"column":91}}],"line":124}},"s":{"0":1,"1":9,"2":9,"3":9,"4":9,"5":5,"6":4,"7":3,"8":2,"9":4,"10":4,"11":1,"12":8,"13":8,"14":1,"15":1,"16":1,"17":1,"18":1,"19":1,"20":5,"21":5,"22":5,"23":1,"24":1,"25":1,"26":8,"27":8,"28":9,"29":8,"30":9,"31":8,"32":8,"33":8},"f":{"0":9,"1":8,"2":9,"3":9},"b":{"0":[3,1],"1":[2,1],"2":[3,2,1],"3":[1,1,5,1],"4":[1,1],"5":[5,4],"6":[9,9]},"meta":{"lastBranch":7,"lastFunction":4,"lastStatement":34,"seen":{"s:1:0:1:Infinity":0,"f:10:15:10:Infinity":0,"s:25:2:29:Infinity":1,"s:30:2:54:Infinity":2,"s:31:29:37:Infinity":3,"s:39:4:39:Infinity":4,"s:40:4:40:Infinity":5,"b:43:4:51:Infinity:undefined:undefined:undefined:undefined":0,"s:43:4:51:Infinity":6,"b:45:6:50:Infinity:undefined:undefined:undefined:undefined":1,"s:45:6:50:Infinity":7,"b:45:10:45:36:45:36:45:64:45:64:45:91":2,"s:47:8:49:Infinity":8,"s:52:4:52:Infinity":9,"s:53:4:53:Infinity":10,"s:57:32:134:Infinity":11,"f:71:11:71:18":1,"s:73:26:75:Infinity":12,"b:82:6:85:Infinity:86:6:89:Infinity:90:6:93:Infinity:94:6:97:Infinity":3,"s:81:4:98:Infinity":13,"s:83:8:83:Infinity":14,"s:84:8:84:Infinity":15,"s:85:8:85:Infinity":16,"s:87:8:87:Infinity":17,"s:88:8:88:Infinity":18,"b:88:15:88:37:88:37:88:Infinity":4,"s:89:8:89:Infinity":19,"s:91:8:91:Infinity":20,"s:92:8:92:Infinity":21,"b:92:15:92:37:92:37:92:Infinity":5,"s:93:8:93:Infinity":22,"s:95:8:95:Infinity":23,"s:96:8:96:Infinity":24,"s:97:8:97:Infinity":25,"s:100:16:100:Infinity":26,"s:103:20:122:Infinity":27,"f:104:20:104:25":2,"s:105:8:120:Infinity":28,"s:124:25:124:Infinity":29,"f:124:33:124:41":3,"s:124:47:124:91":30,"b:124:47:124:75:124:75:124:91":6,"s:125:25:125:Infinity":31,"s:127:4:127:Infinity":32,"s:130:4:132:Infinity":33},"fnNames":{}}}
,"/workspace/packages/convex/convex/pushSubscriptions.ts": {"path":"/workspace/packages/convex/convex/pushSubscriptions.ts","statementMap":{"0":{"start":{"line":4,"column":25},"end":{"line":40,"column":null}},"1":{"start":{"line":13,"column":21},"end":{"line":18,"column":null}},"2":{"start":{"line":16,"column":8},"end":{"line":16,"column":null}},"3":{"start":{"line":20,"column":4},"end":{"line":27,"column":null}},"4":{"start":{"line":22,"column":6},"end":{"line":25,"column":null}},"5":{"start":{"line":26,"column":6},"end":{"line":26,"column":null}},"6":{"start":{"line":30,"column":27},"end":{"line":36,"column":null}},"7":{"start":{"line":38,"column":4},"end":{"line":38,"column":null}},"8":{"start":{"line":42,"column":27},"end":{"line":56,"column":null}},"9":{"start":{"line":47,"column":25},"end":{"line":50,"column":null}},"10":{"start":{"line":49,"column":39},"end":{"line":49,"column":70}},"11":{"start":{"line":52,"column":4},"end":{"line":54,"column":null}},"12":{"start":{"line":53,"column":6},"end":{"line":53,"column":null}},"13":{"start":{"line":58,"column":32},"end":{"line":70,"column":null}},"14":{"start":{"line":63,"column":26},"end":{"line":66,"column":null}},"15":{"start":{"line":65,"column":37},"end":{"line":65,"column":64}},"16":{"start":{"line":68,"column":4},"end":{"line":68,"column":null}},"17":{"start":{"line":72,"column":28},"end":{"line":82,"column":null}},"18":{"start":{"line":76,"column":27},"end":{"line":76,"column":null}},"19":{"start":{"line":77,"column":4},"end":{"line":79,"column":null}},"20":{"start":{"line":78,"column":6},"end":{"line":78,"column":null}},"21":{"start":{"line":80,"column":4},"end":{"line":80,"column":null}},"22":{"start":{"line":84,"column":28},"end":{"line":99,"column":null}},"23":{"start":{"line":90,"column":25},"end":{"line":95,"column":null}},"24":{"start":{"line":93,"column":8},"end":{"line":93,"column":null}},"25":{"start":{"line":97,"column":4},"end":{"line":97,"column":null}}},"fnMap":{"0":{"name":"(anonymous_0)","decl":{"start":{"line":11,"column":11},"end":{"line":11,"column":18}},"loc":{"start":{"line":11,"column":32},"end":{"line":39,"column":null}},"line":11},"1":{"name":"(anonymous_1)","decl":{"start":{"line":15,"column":17},"end":{"line":15,"column":40}},"loc":{"start":{"line":16,"column":8},"end":{"line":16,"column":null}},"line":16},"2":{"name":"(anonymous_2)","decl":{"start":{"line":46,"column":11},"end":{"line":46,"column":18}},"loc":{"start":{"line":46,"column":32},"end":{"line":55,"column":null}},"line":46},"3":{"name":"(anonymous_3)","decl":{"start":{"line":49,"column":17},"end":{"line":49,"column":33}},"loc":{"start":{"line":49,"column":39},"end":{"line":49,"column":70}},"line":49},"4":{"name":"(anonymous_4)","decl":{"start":{"line":62,"column":11},"end":{"line":62,"column":18}},"loc":{"start":{"line":62,"column":32},"end":{"line":69,"column":null}},"line":62},"5":{"name":"(anonymous_5)","decl":{"start":{"line":65,"column":17},"end":{"line":65,"column":31}},"loc":{"start":{"line":65,"column":37},"end":{"line":65,"column":64}},"line":65},"6":{"name":"(anonymous_6)","decl":{"start":{"line":74,"column":11},"end":{"line":74,"column":23}},"loc":{"start":{"line":74,"column":23},"end":{"line":81,"column":null}},"line":74},"7":{"name":"(anonymous_7)","decl":{"start":{"line":89,"column":11},"end":{"line":89,"column":18}},"loc":{"start":{"line":89,"column":32},"end":{"line":98,"column":null}},"line":89},"8":{"name":"(anonymous_8)","decl":{"start":{"line":92,"column":17},"end":{"line":92,"column":40}},"loc":{"start":{"line":93,"column":8},"end":{"line":93,"column":null}},"line":93}},"branchMap":{"0":{"loc":{"start":{"line":20,"column":4},"end":{"line":27,"column":null}},"type":"if","locations":[{"start":{"line":20,"column":4},"end":{"line":27,"column":null}},{"start":{},"end":{}}],"line":20},"1":{"loc":{"start":{"line":52,"column":4},"end":{"line":54,"column":null}},"type":"if","locations":[{"start":{"line":52,"column":4},"end":{"line":54,"column":null}},{"start":{},"end":{}}],"line":52},"2":{"loc":{"start":{"line":77,"column":4},"end":{"line":79,"column":null}},"type":"if","locations":[{"start":{"line":77,"column":4},"end":{"line":79,"column":null}},{"start":{},"end":{}}],"line":77}},"s":{"0":2,"1":12,"2":12,"3":12,"4":1,"5":1,"6":11,"7":11,"8":2,"9":4,"10":4,"11":4,"12":3,"13":2,"14":13,"15":13,"16":13,"17":2,"18":2,"19":2,"20":1,"21":1,"22":2,"23":3,"24":3,"25":3},"f":{"0":12,"1":12,"2":4,"3":4,"4":13,"5":13,"6":2,"7":3,"8":3},"b":{"0":[1,11],"1":[3,1],"2":[1,1]},"meta":{"lastBranch":3,"lastFunction":9,"lastStatement":26,"seen":{"s:4:25:40:Infinity":0,"f:11:11:11:18":0,"s:13:21:18:Infinity":1,"f:15:17:15:40":1,"s:16:8:16:Infinity":2,"b:20:4:27:Infinity:undefined:undefined:undefined:undefined":0,"s:20:4:27:Infinity":3,"s:22:6:25:Infinity":4,"s:26:6:26:Infinity":5,"s:30:27:36:Infinity":6,"s:38:4:38:Infinity":7,"s:42:27:56:Infinity":8,"f:46:11:46:18":2,"s:47:25:50:Infinity":9,"f:49:17:49:33":3,"s:49:39:49:70":10,"b:52:4:54:Infinity:undefined:undefined:undefined:undefined":1,"s:52:4:54:Infinity":11,"s:53:6:53:Infinity":12,"s:58:32:70:Infinity":13,"f:62:11:62:18":4,"s:63:26:66:Infinity":14,"f:65:17:65:31":5,"s:65:37:65:64":15,"s:68:4:68:Infinity":16,"s:72:28:82:Infinity":17,"f:74:11:74:23":6,"s:76:27:76:Infinity":18,"b:77:4:79:Infinity:undefined:undefined:undefined:undefined":2,"s:77:4:79:Infinity":19,"s:78:6:78:Infinity":20,"s:80:4:80:Infinity":21,"s:84:28:99:Infinity":22,"f:89:11:89:18":7,"s:90:25:95:Infinity":23,"f:92:17:92:40":8,"s:93:8:93:Infinity":24,"s:97:4:97:Infinity":25},"fnNames":{}}}
,"/workspace/packages/convex/convex/schema.ts": {"path":"/workspace/packages/convex/convex/schema.ts","statementMap":{},"fnMap":{},"branchMap":{},"s":{},"f":{},"b":{},"meta":{"lastBranch":0,"lastFunction":0,"lastStatement":0,"seen":{},"fnNames":{}}}
,"/workspace/packages/convex/src/env.ts": {"path":"/workspace/packages/convex/src/env.ts","statementMap":{"0":{"start":{"line":4,"column":31},"end":{"line":10,"column":null}},"1":{"start":{"line":12,"column":25},"end":{"line":14,"column":null}},"2":{"start":{"line":13,"column":2},"end":{"line":13,"column":null}}},"fnMap":{"0":{"name":"(anonymous_0)","decl":{"start":{"line":12,"column":25},"end":{"line":12,"column":42}},"loc":{"start":{"line":12,"column":42},"end":{"line":14,"column":1}},"line":12}},"branchMap":{},"s":{"0":2,"1":2,"2":1},"f":{"0":1},"b":{},"meta":{"lastBranch":0,"lastFunction":1,"lastStatement":3,"seen":{"s:4:31:10:Infinity":0,"s:12:25:14:Infinity":1,"f:12:25:12:42":0,"s:13:2:13:Infinity":2},"fnNames":{}}}
,"/workspace/packages/convex/src/types.ts": {"path":"/workspace/packages/convex/src/types.ts","statementMap":{"0":{"start":{"line":31,"column":2},"end":{"line":33,"column":null}},"1":{"start":{"line":32,"column":4},"end":{"line":32,"column":null}},"2":{"start":{"line":34,"column":2},"end":{"line":36,"column":null}},"3":{"start":{"line":35,"column":4},"end":{"line":35,"column":null}},"4":{"start":{"line":37,"column":2},"end":{"line":39,"column":null}},"5":{"start":{"line":38,"column":4},"end":{"line":38,"column":null}},"6":{"start":{"line":40,"column":2},"end":{"line":40,"column":null}},"7":{"start":{"line":43,"column":21},"end":{"line":48,"column":null}},"8":{"start":{"line":60,"column":2},"end":{"line":60,"column":null}}},"fnMap":{"0":{"name":"getCurrentStatus","decl":{"start":{"line":30,"column":16},"end":{"line":30,"column":33}},"loc":{"start":{"line":30,"column":61},"end":{"line":41,"column":null}},"line":30},"1":{"name":"isStatusForward","decl":{"start":{"line":56,"column":16},"end":{"line":56,"column":null}},"loc":{"start":{"line":59,"column":52},"end":{"line":61,"column":null}},"line":59}},"branchMap":{"0":{"loc":{"start":{"line":31,"column":2},"end":{"line":33,"column":null}},"type":"if","locations":[{"start":{"line":31,"column":2},"end":{"line":33,"column":null}},{"start":{},"end":{}}],"line":31},"1":{"loc":{"start":{"line":34,"column":2},"end":{"line":36,"column":null}},"type":"if","locations":[{"start":{"line":34,"column":2},"end":{"line":36,"column":null}},{"start":{},"end":{}}],"line":34},"2":{"loc":{"start":{"line":37,"column":2},"end":{"line":39,"column":null}},"type":"if","locations":[{"start":{"line":37,"column":2},"end":{"line":39,"column":null}},{"start":{},"end":{}}],"line":37}},"s":{"0":122,"1":9,"2":113,"3":4,"4":109,"5":14,"6":95,"7":9,"8":12},"f":{"0":122,"1":12},"b":{"0":[9,113],"1":[4,109],"2":[14,95]},"meta":{"lastBranch":3,"lastFunction":2,"lastStatement":9,"seen":{"f:30:16:30:33":0,"b:31:2:33:Infinity:undefined:undefined:undefined:undefined":0,"s:31:2:33:Infinity":0,"s:32:4:32:Infinity":1,"b:34:2:36:Infinity:undefined:undefined:undefined:undefined":1,"s:34:2:36:Infinity":2,"s:35:4:35:Infinity":3,"b:37:2:39:Infinity:undefined:undefined:undefined:undefined":2,"s:37:2:39:Infinity":4,"s:38:4:38:Infinity":5,"s:40:2:40:Infinity":6,"s:43:21:48:Infinity":7,"f:56:16:56:Infinity":1,"s:60:2:60:Infinity":8},"fnNames":{}}}
,"/workspace/packages/convex/src/utils.ts": {"path":"/workspace/packages/convex/src/utils.ts","statementMap":{"0":{"start":{"line":3,"column":2},"end":{"line":10,"column":null}},"1":{"start":{"line":5,"column":6},"end":{"line":7,"column":null}},"2":{"start":{"line":6,"column":8},"end":{"line":6,"column":null}},"3":{"start":{"line":8,"column":6},"end":{"line":8,"column":null}}},"fnMap":{"0":{"name":"lazyGetter","decl":{"start":{"line":1,"column":16},"end":{"line":1,"column":45}},"loc":{"start":{"line":1,"column":61},"end":{"line":11,"column":null}},"line":1},"1":{"name":"get","decl":{"start":{"line":4,"column":4},"end":{"line":4,"column":8}},"loc":{"start":{"line":4,"column":40},"end":{"line":9,"column":null}},"line":4}},"branchMap":{"0":{"loc":{"start":{"line":5,"column":6},"end":{"line":7,"column":null}},"type":"if","locations":[{"start":{"line":5,"column":6},"end":{"line":7,"column":null}},{"start":{},"end":{}}],"line":5}},"s":{"0":3,"1":29,"2":2,"3":29},"f":{"0":3,"1":29},"b":{"0":[2,27]},"meta":{"lastBranch":1,"lastFunction":2,"lastStatement":4,"seen":{"f:1:16:1:45":0,"s:3:2:10:Infinity":0,"f:4:4:4:8":1,"b:5:6:7:Infinity:undefined:undefined:undefined:undefined":0,"s:5:6:7:Infinity":1,"s:6:8:6:Infinity":2,"s:8:6:8:Infinity":3},"fnNames":{}}}
}
